2021-05-01 18:04:51,366 ERROR 9660 [-/127.0.0.1/-/7ms GET /] nodejs.Error: Please set config.keys first
    at Application.get keys [as keys] (D:\blog\node_modules\egg\lib\application.js:266:15)
    at Object.get cookies [as cookies] (D:\blog\node_modules\egg\app\extend\context.js:22:66)
    at Object.get [egg-security#CSRF_SECRET] (D:\blog\node_modules\egg-security\app\extend\context.js:91:35)
    at Object.ensureCsrfSecret (D:\blog\node_modules\egg-security\app\extend\context.js:104:13)
    at csrf (D:\blog\node_modules\egg-security\lib\middlewares\csrf.js:15:11)
    at dispatch (D:\blog\node_modules\egg-security\node_modules\koa-compose\index.js:42:32)
    at D:\blog\node_modules\egg-security\node_modules\koa-compose\index.js:34:12
    at dispatch (D:\blog\node_modules\koa\node_modules\koa-compose\index.js:42:32)
    at session (D:\blog\node_modules\koa-session\index.js:41:13)
    at dispatch (D:\blog\node_modules\koa\node_modules\koa-compose\index.js:42:32)

pid: 9660
hostname: DESKTOP-R1VCF7F

2021-05-01 18:06:16,683 ERROR 9660 [-/127.0.0.1/-/2ms GET /] nodejs.Error: Please set config.keys first
    at Application.get keys [as keys] (D:\blog\node_modules\egg\lib\application.js:266:15)
    at Object.get cookies [as cookies] (D:\blog\node_modules\egg\app\extend\context.js:22:66)
    at Object.get [egg-security#CSRF_SECRET] (D:\blog\node_modules\egg-security\app\extend\context.js:91:35)
    at Object.ensureCsrfSecret (D:\blog\node_modules\egg-security\app\extend\context.js:104:13)
    at csrf (D:\blog\node_modules\egg-security\lib\middlewares\csrf.js:15:11)
    at dispatch (D:\blog\node_modules\egg-security\node_modules\koa-compose\index.js:42:32)
    at D:\blog\node_modules\egg-security\node_modules\koa-compose\index.js:34:12
    at dispatch (D:\blog\node_modules\koa\node_modules\koa-compose\index.js:42:32)
    at session (D:\blog\node_modules\koa-session\index.js:41:13)
    at dispatch (D:\blog\node_modules\koa\node_modules\koa-compose\index.js:42:32)

pid: 9660
hostname: DESKTOP-R1VCF7F

2021-05-01 18:21:31,851 ERROR 10616 [-/127.0.0.1/-/5ms GET /] nodejs.AssertionError: Can't find viewEngine for D:\blog\app\view\home\index.html
    at ContextView.[contextView#render] (D:\blog\node_modules\egg-view\lib\context_view.js:66:5)
    at async HomeController.index (D:\blog\app\controller\home.js:5:5)
    at async D:\blog\node_modules\egg-development\app\middleware\egg_loader_trace.js:9:50
    at async xframe (D:\blog\node_modules\egg-security\lib\middlewares\xframe.js:7:5)
    at async xssProtection (D:\blog\node_modules\egg-security\lib\middlewares\xssProtection.js:7:5)
    at async nosniff (D:\blog\node_modules\egg-security\lib\middlewares\nosniff.js:8:5)
    at async noopen (D:\blog\node_modules\egg-security\lib\middlewares\noopen.js:8:5)
    at async session (D:\blog\node_modules\koa-session\index.js:41:7)
    at async bodyParser (D:\blog\node_modules\koa-bodyparser\index.js:95:5)
    at async D:\blog\node_modules\koa-static-cache\index.js:41:56
generatedMessage: false
code: "ERR_ASSERTION"
actual: ""
expected: true
operator: "=="
pid: 10616
hostname: DESKTOP-R1VCF7F

2021-05-01 18:23:01,129 ERROR 1336 [-/127.0.0.1/-/5ms GET /] nodejs.AssertionError: Can't find viewEngine for D:\blog\app\view\home\index.tpl
    at ContextView.[contextView#render] (D:\blog\node_modules\egg-view\lib\context_view.js:66:5)
    at async HomeController.index (D:\blog\app\controller\home.js:5:5)
    at async D:\blog\node_modules\egg-development\app\middleware\egg_loader_trace.js:9:50
    at async xframe (D:\blog\node_modules\egg-security\lib\middlewares\xframe.js:7:5)
    at async xssProtection (D:\blog\node_modules\egg-security\lib\middlewares\xssProtection.js:7:5)
    at async nosniff (D:\blog\node_modules\egg-security\lib\middlewares\nosniff.js:8:5)
    at async noopen (D:\blog\node_modules\egg-security\lib\middlewares\noopen.js:8:5)
    at async session (D:\blog\node_modules\koa-session\index.js:41:7)
    at async bodyParser (D:\blog\node_modules\koa-bodyparser\index.js:95:5)
    at async D:\blog\node_modules\koa-static-cache\index.js:41:56
generatedMessage: false
code: "ERR_ASSERTION"
actual: ""
expected: true
operator: "=="
pid: 1336
hostname: DESKTOP-R1VCF7F

2021-05-01 18:23:02,139 ERROR 1336 [-/127.0.0.1/-/1ms GET /] nodejs.AssertionError: Can't find viewEngine for D:\blog\app\view\home\index.tpl
    at ContextView.[contextView#render] (D:\blog\node_modules\egg-view\lib\context_view.js:66:5)
    at async HomeController.index (D:\blog\app\controller\home.js:5:5)
    at async D:\blog\node_modules\egg-development\app\middleware\egg_loader_trace.js:9:50
    at async xframe (D:\blog\node_modules\egg-security\lib\middlewares\xframe.js:7:5)
    at async xssProtection (D:\blog\node_modules\egg-security\lib\middlewares\xssProtection.js:7:5)
    at async nosniff (D:\blog\node_modules\egg-security\lib\middlewares\nosniff.js:8:5)
    at async noopen (D:\blog\node_modules\egg-security\lib\middlewares\noopen.js:8:5)
    at async session (D:\blog\node_modules\koa-session\index.js:41:7)
    at async bodyParser (D:\blog\node_modules\koa-bodyparser\index.js:95:5)
    at async D:\blog\node_modules\koa-static-cache\index.js:41:56
generatedMessage: false
code: "ERR_ASSERTION"
actual: ""
expected: true
operator: "=="
pid: 1336
hostname: DESKTOP-R1VCF7F

2021-05-01 18:23:13,570 ERROR 11992 [-/127.0.0.1/-/6ms GET /] nodejs.AssertionError: Can't find viewEngine for D:\blog\app\view\home\index.tpl
    at ContextView.[contextView#render] (D:\blog\node_modules\egg-view\lib\context_view.js:66:5)
    at async HomeController.index (D:\blog\app\controller\home.js:5:5)
    at async D:\blog\node_modules\egg-development\app\middleware\egg_loader_trace.js:9:50
    at async xframe (D:\blog\node_modules\egg-security\lib\middlewares\xframe.js:7:5)
    at async xssProtection (D:\blog\node_modules\egg-security\lib\middlewares\xssProtection.js:7:5)
    at async nosniff (D:\blog\node_modules\egg-security\lib\middlewares\nosniff.js:8:5)
    at async noopen (D:\blog\node_modules\egg-security\lib\middlewares\noopen.js:8:5)
    at async session (D:\blog\node_modules\koa-session\index.js:41:7)
    at async bodyParser (D:\blog\node_modules\koa-bodyparser\index.js:95:5)
    at async D:\blog\node_modules\koa-static-cache\index.js:41:56
generatedMessage: false
code: "ERR_ASSERTION"
actual: ""
expected: true
operator: "=="
pid: 11992
hostname: DESKTOP-R1VCF7F

2021-05-01 18:23:52,401 ERROR 11992 [-/127.0.0.1/-/1ms GET /] nodejs.AssertionError: Can't find home/index.tpl from D:\blog\app\view
    at Map.resolve (D:\blog\node_modules\egg-view\lib\view_manager.js:74:5)
    at async ContextView.[contextView#render] (D:\blog\node_modules\egg-view\lib\context_view.js:50:22)
    at async HomeController.index (D:\blog\app\controller\home.js:5:5)
    at async D:\blog\node_modules\egg-development\app\middleware\egg_loader_trace.js:9:50
    at async xframe (D:\blog\node_modules\egg-security\lib\middlewares\xframe.js:7:5)
    at async xssProtection (D:\blog\node_modules\egg-security\lib\middlewares\xssProtection.js:7:5)
    at async nosniff (D:\blog\node_modules\egg-security\lib\middlewares\nosniff.js:8:5)
    at async noopen (D:\blog\node_modules\egg-security\lib\middlewares\noopen.js:8:5)
    at async session (D:\blog\node_modules\koa-session\index.js:41:7)
    at async bodyParser (D:\blog\node_modules\koa-bodyparser\index.js:95:5)
generatedMessage: false
code: "ERR_ASSERTION"
actual: undefined
expected: true
operator: "=="
pid: 11992
hostname: DESKTOP-R1VCF7F

2021-05-01 18:24:01,839 ERROR 8212 [-/127.0.0.1/-/5ms GET /] nodejs.AssertionError: Can't find home/index.htmn from D:\blog\app\view
    at Map.resolve (D:\blog\node_modules\egg-view\lib\view_manager.js:74:5)
    at async ContextView.[contextView#render] (D:\blog\node_modules\egg-view\lib\context_view.js:50:22)
    at async HomeController.index (D:\blog\app\controller\home.js:5:5)
    at async D:\blog\node_modules\egg-development\app\middleware\egg_loader_trace.js:9:50
    at async xframe (D:\blog\node_modules\egg-security\lib\middlewares\xframe.js:7:5)
    at async xssProtection (D:\blog\node_modules\egg-security\lib\middlewares\xssProtection.js:7:5)
    at async nosniff (D:\blog\node_modules\egg-security\lib\middlewares\nosniff.js:8:5)
    at async noopen (D:\blog\node_modules\egg-security\lib\middlewares\noopen.js:8:5)
    at async session (D:\blog\node_modules\koa-session\index.js:41:7)
    at async bodyParser (D:\blog\node_modules\koa-bodyparser\index.js:95:5)
generatedMessage: false
code: "ERR_ASSERTION"
actual: undefined
expected: true
operator: "=="
pid: 8212
hostname: DESKTOP-R1VCF7F

2021-05-01 18:24:04,281 ERROR 9768 [-/127.0.0.1/-/5ms GET /] nodejs.AssertionError: Can't find viewEngine for D:\blog\app\view\home\index.html
    at ContextView.[contextView#render] (D:\blog\node_modules\egg-view\lib\context_view.js:66:5)
    at async HomeController.index (D:\blog\app\controller\home.js:5:5)
    at async D:\blog\node_modules\egg-development\app\middleware\egg_loader_trace.js:9:50
    at async xframe (D:\blog\node_modules\egg-security\lib\middlewares\xframe.js:7:5)
    at async xssProtection (D:\blog\node_modules\egg-security\lib\middlewares\xssProtection.js:7:5)
    at async nosniff (D:\blog\node_modules\egg-security\lib\middlewares\nosniff.js:8:5)
    at async noopen (D:\blog\node_modules\egg-security\lib\middlewares\noopen.js:8:5)
    at async session (D:\blog\node_modules\koa-session\index.js:41:7)
    at async bodyParser (D:\blog\node_modules\koa-bodyparser\index.js:95:5)
    at async D:\blog\node_modules\koa-static-cache\index.js:41:56
generatedMessage: false
code: "ERR_ASSERTION"
actual: ""
expected: true
operator: "=="
pid: 9768
hostname: DESKTOP-R1VCF7F

2021-05-01 18:25:10,327 ERROR 12148 [-/127.0.0.1/-/5ms GET /] nodejs.AssertionError: Can't find ViewEngine "nunjucks"
    at ContextView.[contextView#getViewEngine] (D:\blog\node_modules\egg-view\lib\context_view.js:88:5)
    at ContextView.[contextView#render] (D:\blog\node_modules\egg-view\lib\context_view.js:69:39)
    at async HomeController.index (D:\blog\app\controller\home.js:5:5)
    at async D:\blog\node_modules\egg-development\app\middleware\egg_loader_trace.js:9:50
    at async xframe (D:\blog\node_modules\egg-security\lib\middlewares\xframe.js:7:5)
    at async xssProtection (D:\blog\node_modules\egg-security\lib\middlewares\xssProtection.js:7:5)
    at async nosniff (D:\blog\node_modules\egg-security\lib\middlewares\nosniff.js:8:5)
    at async noopen (D:\blog\node_modules\egg-security\lib\middlewares\noopen.js:8:5)
    at async session (D:\blog\node_modules\koa-session\index.js:41:7)
    at async bodyParser (D:\blog\node_modules\koa-bodyparser\index.js:95:5)
generatedMessage: false
code: "ERR_ASSERTION"
actual: undefined
expected: true
operator: "=="
pid: 12148
hostname: DESKTOP-R1VCF7F

2021-05-01 18:26:02,561 ERROR 12148 [-/127.0.0.1/-/1ms GET /] nodejs.AssertionError: Can't find ViewEngine "nunjucks"
    at ContextView.[contextView#getViewEngine] (D:\blog\node_modules\egg-view\lib\context_view.js:88:5)
    at ContextView.[contextView#render] (D:\blog\node_modules\egg-view\lib\context_view.js:69:39)
    at async HomeController.index (D:\blog\app\controller\home.js:5:5)
    at async D:\blog\node_modules\egg-development\app\middleware\egg_loader_trace.js:9:50
    at async xframe (D:\blog\node_modules\egg-security\lib\middlewares\xframe.js:7:5)
    at async xssProtection (D:\blog\node_modules\egg-security\lib\middlewares\xssProtection.js:7:5)
    at async nosniff (D:\blog\node_modules\egg-security\lib\middlewares\nosniff.js:8:5)
    at async noopen (D:\blog\node_modules\egg-security\lib\middlewares\noopen.js:8:5)
    at async session (D:\blog\node_modules\koa-session\index.js:41:7)
    at async bodyParser (D:\blog\node_modules\koa-bodyparser\index.js:95:5)
generatedMessage: false
code: "ERR_ASSERTION"
actual: undefined
expected: true
operator: "=="
pid: 12148
hostname: DESKTOP-R1VCF7F

2021-05-01 21:26:20,217 ERROR 16308 [-/127.0.0.1/-/3ms GET /] nodejs.Template render error: (D:\blog\app\view\home\index.html) [Line 38, Column 65]
  unexpected token: /
  unexpected token: /
    at Object._prettifyError (D:\blog\node_modules\egg-view-nunjucks\node_modules\nunjucks\src\lib.js:36:11)
    at Template.render (D:\blog\node_modules\egg-view-nunjucks\node_modules\nunjucks\src\environment.js:538:21)
    at D:\blog\node_modules\egg-view-nunjucks\node_modules\nunjucks\src\environment.js:366:27
    at createTemplate (D:\blog\node_modules\egg-view-nunjucks\node_modules\nunjucks\src\environment.js:315:9)
    at handle (D:\blog\node_modules\egg-view-nunjucks\node_modules\nunjucks\src\environment.js:327:11)
    at D:\blog\node_modules\egg-view-nunjucks\node_modules\nunjucks\src\environment.js:339:9
    at next (D:\blog\node_modules\egg-view-nunjucks\node_modules\nunjucks\src\lib.js:328:7)
    at Object.asyncIter (D:\blog\node_modules\egg-view-nunjucks\node_modules\nunjucks\src\lib.js:334:3)
    at NunjucksEnvironment.getTemplate (D:\blog\node_modules\egg-view-nunjucks\node_modules\nunjucks\src\environment.js:321:9)
    at NunjucksEnvironment.render (D:\blog\node_modules\egg-view-nunjucks\node_modules\nunjucks\src\environment.js:360:10)
name: "Template render error"
pid: 16308
hostname: DESKTOP-R1VCF7F

2021-05-01 21:26:44,863 ERROR 16308 [-/127.0.0.1/-/2ms GET /] nodejs.Template render error: (D:\blog\app\view\home\index.html) [Line 38, Column 65]
  unexpected token: /
  unexpected token: /
    at Object._prettifyError (D:\blog\node_modules\egg-view-nunjucks\node_modules\nunjucks\src\lib.js:36:11)
    at Template.render (D:\blog\node_modules\egg-view-nunjucks\node_modules\nunjucks\src\environment.js:538:21)
    at D:\blog\node_modules\egg-view-nunjucks\node_modules\nunjucks\src\environment.js:366:27
    at createTemplate (D:\blog\node_modules\egg-view-nunjucks\node_modules\nunjucks\src\environment.js:315:9)
    at handle (D:\blog\node_modules\egg-view-nunjucks\node_modules\nunjucks\src\environment.js:327:11)
    at D:\blog\node_modules\egg-view-nunjucks\node_modules\nunjucks\src\environment.js:339:9
    at next (D:\blog\node_modules\egg-view-nunjucks\node_modules\nunjucks\src\lib.js:328:7)
    at Object.asyncIter (D:\blog\node_modules\egg-view-nunjucks\node_modules\nunjucks\src\lib.js:334:3)
    at NunjucksEnvironment.getTemplate (D:\blog\node_modules\egg-view-nunjucks\node_modules\nunjucks\src\environment.js:321:9)
    at NunjucksEnvironment.render (D:\blog\node_modules\egg-view-nunjucks\node_modules\nunjucks\src\environment.js:360:10)
name: "Template render error"
pid: 16308
hostname: DESKTOP-R1VCF7F

2021-05-01 21:27:08,353 ERROR 16308 [-/127.0.0.1/-/3ms GET /] nodejs.Template render error: (D:\blog\app\view\home\index.html) [Line 38, Column 65]
  unexpected token: /
  unexpected token: /
    at Object._prettifyError (D:\blog\node_modules\egg-view-nunjucks\node_modules\nunjucks\src\lib.js:36:11)
    at Template.render (D:\blog\node_modules\egg-view-nunjucks\node_modules\nunjucks\src\environment.js:538:21)
    at D:\blog\node_modules\egg-view-nunjucks\node_modules\nunjucks\src\environment.js:366:27
    at createTemplate (D:\blog\node_modules\egg-view-nunjucks\node_modules\nunjucks\src\environment.js:315:9)
    at handle (D:\blog\node_modules\egg-view-nunjucks\node_modules\nunjucks\src\environment.js:327:11)
    at D:\blog\node_modules\egg-view-nunjucks\node_modules\nunjucks\src\environment.js:339:9
    at next (D:\blog\node_modules\egg-view-nunjucks\node_modules\nunjucks\src\lib.js:328:7)
    at Object.asyncIter (D:\blog\node_modules\egg-view-nunjucks\node_modules\nunjucks\src\lib.js:334:3)
    at NunjucksEnvironment.getTemplate (D:\blog\node_modules\egg-view-nunjucks\node_modules\nunjucks\src\environment.js:321:9)
    at NunjucksEnvironment.render (D:\blog\node_modules\egg-view-nunjucks\node_modules\nunjucks\src\environment.js:360:10)
name: "Template render error"
pid: 16308
hostname: DESKTOP-R1VCF7F

2021-05-01 21:43:04,916 ERROR 3572 [-/127.0.0.1/-/4ms GET /] nodejs.Template render error: (D:\blog\app\view\home\index.html) [Line 42, Column 42]
  Error: Unable to call `blog["date"]["getFullYears"]`, which is undefined or falsey
  Error: Unable to call `blog["date"]["getFullYears"]`, which is undefined or falsey
    at Object._prettifyError (D:\blog\node_modules\egg-view-nunjucks\node_modules\nunjucks\src\lib.js:36:11)
    at D:\blog\node_modules\egg-view-nunjucks\node_modules\nunjucks\src\environment.js:563:19
    at Template.root [as rootRenderFunc] (eval at _compile (D:\blog\node_modules\egg-view-nunjucks\node_modules\nunjucks\src\environment.js:633:18), <anonymous>:73:3)
    at Template.render (D:\blog\node_modules\egg-view-nunjucks\node_modules\nunjucks\src\environment.js:552:10)
    at D:\blog\node_modules\egg-view-nunjucks\node_modules\nunjucks\src\environment.js:366:27
    at createTemplate (D:\blog\node_modules\egg-view-nunjucks\node_modules\nunjucks\src\environment.js:315:9)
    at handle (D:\blog\node_modules\egg-view-nunjucks\node_modules\nunjucks\src\environment.js:327:11)
    at D:\blog\node_modules\egg-view-nunjucks\node_modules\nunjucks\src\environment.js:339:9
    at next (D:\blog\node_modules\egg-view-nunjucks\node_modules\nunjucks\src\lib.js:328:7)
    at Object.asyncIter (D:\blog\node_modules\egg-view-nunjucks\node_modules\nunjucks\src\lib.js:334:3)
name: "Template render error"
pid: 3572
hostname: DESKTOP-R1VCF7F

2021-05-01 21:46:07,675 ERROR 3572 [-/127.0.0.1/-/3ms GET /] nodejs.Template render error: (D:\blog\app\view\home\index.html) [Line 42, Column 42]
  Error: Unable to call `blog["date"]["getFullYears"]`, which is undefined or falsey
  Error: Unable to call `blog["date"]["getFullYears"]`, which is undefined or falsey
    at Object._prettifyError (D:\blog\node_modules\egg-view-nunjucks\node_modules\nunjucks\src\lib.js:36:11)
    at D:\blog\node_modules\egg-view-nunjucks\node_modules\nunjucks\src\environment.js:563:19
    at Template.root [as rootRenderFunc] (eval at _compile (D:\blog\node_modules\egg-view-nunjucks\node_modules\nunjucks\src\environment.js:633:18), <anonymous>:73:3)
    at Template.render (D:\blog\node_modules\egg-view-nunjucks\node_modules\nunjucks\src\environment.js:552:10)
    at D:\blog\node_modules\egg-view-nunjucks\node_modules\nunjucks\src\environment.js:366:27
    at createTemplate (D:\blog\node_modules\egg-view-nunjucks\node_modules\nunjucks\src\environment.js:315:9)
    at handle (D:\blog\node_modules\egg-view-nunjucks\node_modules\nunjucks\src\environment.js:327:11)
    at D:\blog\node_modules\egg-view-nunjucks\node_modules\nunjucks\src\environment.js:339:9
    at next (D:\blog\node_modules\egg-view-nunjucks\node_modules\nunjucks\src\lib.js:328:7)
    at Object.asyncIter (D:\blog\node_modules\egg-view-nunjucks\node_modules\nunjucks\src\lib.js:334:3)
name: "Template render error"
pid: 3572
hostname: DESKTOP-R1VCF7F

2021-05-01 21:58:27,901 ERROR 7812 [-/127.0.0.1/-/5ms GET /] nodejs.TypeError: this.app.mysql.select(...).reverse is not a function
    at HomeController.index (D:\blog\app\controller\home.js:13:50)
    at Object.callFn (D:\blog\node_modules\egg-core\lib\utils\index.js:44:21)
    at Object.classControllerMiddleware (D:\blog\node_modules\egg-core\lib\loader\mixin\controller.js:87:20)
    at Object.callFn (D:\blog\node_modules\@eggjs\router\lib\utils.js:12:21)
    at wrappedController (D:\blog\node_modules\@eggjs\router\lib\egg_router.js:322:18)
    at dispatch (D:\blog\node_modules\koa-compose\index.js:44:32)
    at next (D:\blog\node_modules\koa-compose\index.js:45:18)
    at D:\blog\node_modules\@eggjs\router\lib\router.js:190:18
    at dispatch (D:\blog\node_modules\koa-compose\index.js:44:32)
    at D:\blog\node_modules\koa-compose\index.js:36:12

pid: 7812
hostname: DESKTOP-R1VCF7F

2021-05-01 22:03:38,837 ERROR 9768 [-/127.0.0.1/-/4ms GET /] nodejs.TypeError: this.app.mysql.select(...).reverse is not a function
    at HomeController.index (D:\blog\app\controller\home.js:13:50)
    at Object.callFn (D:\blog\node_modules\egg-core\lib\utils\index.js:44:21)
    at Object.classControllerMiddleware (D:\blog\node_modules\egg-core\lib\loader\mixin\controller.js:87:20)
    at Object.callFn (D:\blog\node_modules\@eggjs\router\lib\utils.js:12:21)
    at wrappedController (D:\blog\node_modules\@eggjs\router\lib\egg_router.js:322:18)
    at dispatch (D:\blog\node_modules\koa-compose\index.js:44:32)
    at next (D:\blog\node_modules\koa-compose\index.js:45:18)
    at D:\blog\node_modules\@eggjs\router\lib\router.js:190:18
    at dispatch (D:\blog\node_modules\koa-compose\index.js:44:32)
    at D:\blog\node_modules\koa-compose\index.js:36:12

pid: 9768
hostname: DESKTOP-R1VCF7F

2021-05-01 22:03:49,878 ERROR 9768 [-/127.0.0.1/-/1ms GET /] nodejs.TypeError: this.app.mysql.select(...).reverse is not a function
    at HomeController.index (D:\blog\app\controller\home.js:13:50)
    at Object.callFn (D:\blog\node_modules\egg-core\lib\utils\index.js:44:21)
    at Object.classControllerMiddleware (D:\blog\node_modules\egg-core\lib\loader\mixin\controller.js:87:20)
    at Object.callFn (D:\blog\node_modules\@eggjs\router\lib\utils.js:12:21)
    at wrappedController (D:\blog\node_modules\@eggjs\router\lib\egg_router.js:322:18)
    at dispatch (D:\blog\node_modules\koa-compose\index.js:44:32)
    at next (D:\blog\node_modules\koa-compose\index.js:45:18)
    at D:\blog\node_modules\@eggjs\router\lib\router.js:190:18
    at dispatch (D:\blog\node_modules\koa-compose\index.js:44:32)
    at D:\blog\node_modules\koa-compose\index.js:36:12

pid: 9768
hostname: DESKTOP-R1VCF7F

2021-05-01 22:05:11,971 ERROR 15676 [-/127.0.0.1/-/5ms GET /] nodejs.TypeError: this.app.mysql.select(...).reverse is not a function
    at HomeController.index (D:\blog\app\controller\home.js:5:49)
    at Object.callFn (D:\blog\node_modules\egg-core\lib\utils\index.js:44:21)
    at Object.classControllerMiddleware (D:\blog\node_modules\egg-core\lib\loader\mixin\controller.js:87:20)
    at Object.callFn (D:\blog\node_modules\@eggjs\router\lib\utils.js:12:21)
    at wrappedController (D:\blog\node_modules\@eggjs\router\lib\egg_router.js:322:18)
    at dispatch (D:\blog\node_modules\koa-compose\index.js:44:32)
    at next (D:\blog\node_modules\koa-compose\index.js:45:18)
    at D:\blog\node_modules\@eggjs\router\lib\router.js:190:18
    at dispatch (D:\blog\node_modules\koa-compose\index.js:44:32)
    at D:\blog\node_modules\koa-compose\index.js:36:12

pid: 15676
hostname: DESKTOP-R1VCF7F

2021-05-01 22:05:20,246 ERROR 15676 [-/127.0.0.1/-/1ms GET /] nodejs.TypeError: this.app.mysql.select(...).reverse is not a function
    at HomeController.index (D:\blog\app\controller\home.js:5:49)
    at Object.callFn (D:\blog\node_modules\egg-core\lib\utils\index.js:44:21)
    at Object.classControllerMiddleware (D:\blog\node_modules\egg-core\lib\loader\mixin\controller.js:87:20)
    at Object.callFn (D:\blog\node_modules\@eggjs\router\lib\utils.js:12:21)
    at wrappedController (D:\blog\node_modules\@eggjs\router\lib\egg_router.js:322:18)
    at dispatch (D:\blog\node_modules\koa-compose\index.js:44:32)
    at next (D:\blog\node_modules\koa-compose\index.js:45:18)
    at D:\blog\node_modules\@eggjs\router\lib\router.js:190:18
    at dispatch (D:\blog\node_modules\koa-compose\index.js:44:32)
    at D:\blog\node_modules\koa-compose\index.js:36:12

pid: 15676
hostname: DESKTOP-R1VCF7F

2021-05-01 22:05:20,957 ERROR 15676 [-/127.0.0.1/-/1ms GET /] nodejs.TypeError: this.app.mysql.select(...).reverse is not a function
    at HomeController.index (D:\blog\app\controller\home.js:5:49)
    at Object.callFn (D:\blog\node_modules\egg-core\lib\utils\index.js:44:21)
    at Object.classControllerMiddleware (D:\blog\node_modules\egg-core\lib\loader\mixin\controller.js:87:20)
    at Object.callFn (D:\blog\node_modules\@eggjs\router\lib\utils.js:12:21)
    at wrappedController (D:\blog\node_modules\@eggjs\router\lib\egg_router.js:322:18)
    at dispatch (D:\blog\node_modules\koa-compose\index.js:44:32)
    at next (D:\blog\node_modules\koa-compose\index.js:45:18)
    at D:\blog\node_modules\@eggjs\router\lib\router.js:190:18
    at dispatch (D:\blog\node_modules\koa-compose\index.js:44:32)
    at D:\blog\node_modules\koa-compose\index.js:36:12

pid: 15676
hostname: DESKTOP-R1VCF7F

2021-05-01 22:08:29,939 ERROR 13124 [-/127.0.0.1/-/19ms GET /] nodejs.Template render error: (D:\blog\app\view\home\index.html) [Line 48, Column 37]
  Error: Unable to call `JSON["parse"]`, which is undefined or falsey
  Error: Unable to call `JSON["parse"]`, which is undefined or falsey
    at Object._prettifyError (D:\blog\node_modules\egg-view-nunjucks\node_modules\nunjucks\src\lib.js:36:11)
    at D:\blog\node_modules\egg-view-nunjucks\node_modules\nunjucks\src\environment.js:563:19
    at Template.root [as rootRenderFunc] (eval at _compile (D:\blog\node_modules\egg-view-nunjucks\node_modules\nunjucks\src\environment.js:633:18), <anonymous>:99:3)
    at Template.render (D:\blog\node_modules\egg-view-nunjucks\node_modules\nunjucks\src\environment.js:552:10)
    at D:\blog\node_modules\egg-view-nunjucks\node_modules\nunjucks\src\environment.js:366:27
    at createTemplate (D:\blog\node_modules\egg-view-nunjucks\node_modules\nunjucks\src\environment.js:315:9)
    at handle (D:\blog\node_modules\egg-view-nunjucks\node_modules\nunjucks\src\environment.js:327:11)
    at D:\blog\node_modules\egg-view-nunjucks\node_modules\nunjucks\src\environment.js:339:9
    at next (D:\blog\node_modules\egg-view-nunjucks\node_modules\nunjucks\src\lib.js:328:7)
    at Object.asyncIter (D:\blog\node_modules\egg-view-nunjucks\node_modules\nunjucks\src\lib.js:334:3)
name: "Template render error"
pid: 13124
hostname: DESKTOP-R1VCF7F

2021-05-01 22:08:37,298 ERROR 13124 [-/127.0.0.1/-/19ms GET /] nodejs.Template render error: (D:\blog\app\view\home\index.html) [Line 48, Column 37]
  Error: Unable to call `Json["parse"]`, which is undefined or falsey
  Error: Unable to call `Json["parse"]`, which is undefined or falsey
    at Object._prettifyError (D:\blog\node_modules\egg-view-nunjucks\node_modules\nunjucks\src\lib.js:36:11)
    at D:\blog\node_modules\egg-view-nunjucks\node_modules\nunjucks\src\environment.js:563:19
    at Template.root [as rootRenderFunc] (eval at _compile (D:\blog\node_modules\egg-view-nunjucks\node_modules\nunjucks\src\environment.js:633:18), <anonymous>:99:3)
    at Template.render (D:\blog\node_modules\egg-view-nunjucks\node_modules\nunjucks\src\environment.js:552:10)
    at D:\blog\node_modules\egg-view-nunjucks\node_modules\nunjucks\src\environment.js:366:27
    at createTemplate (D:\blog\node_modules\egg-view-nunjucks\node_modules\nunjucks\src\environment.js:315:9)
    at handle (D:\blog\node_modules\egg-view-nunjucks\node_modules\nunjucks\src\environment.js:327:11)
    at D:\blog\node_modules\egg-view-nunjucks\node_modules\nunjucks\src\environment.js:339:9
    at next (D:\blog\node_modules\egg-view-nunjucks\node_modules\nunjucks\src\lib.js:328:7)
    at Object.asyncIter (D:\blog\node_modules\egg-view-nunjucks\node_modules\nunjucks\src\lib.js:334:3)
name: "Template render error"
pid: 13124
hostname: DESKTOP-R1VCF7F

2021-05-01 22:08:48,264 ERROR 13124 [-/127.0.0.1/-/19ms GET /] nodejs.Template render error: (D:\blog\app\view\home\index.html) [Line 48, Column 37]
  Error: Unable to call `JSON["parse"]`, which is undefined or falsey
  Error: Unable to call `JSON["parse"]`, which is undefined or falsey
    at Object._prettifyError (D:\blog\node_modules\egg-view-nunjucks\node_modules\nunjucks\src\lib.js:36:11)
    at D:\blog\node_modules\egg-view-nunjucks\node_modules\nunjucks\src\environment.js:563:19
    at Template.root [as rootRenderFunc] (eval at _compile (D:\blog\node_modules\egg-view-nunjucks\node_modules\nunjucks\src\environment.js:633:18), <anonymous>:99:3)
    at Template.render (D:\blog\node_modules\egg-view-nunjucks\node_modules\nunjucks\src\environment.js:552:10)
    at D:\blog\node_modules\egg-view-nunjucks\node_modules\nunjucks\src\environment.js:366:27
    at createTemplate (D:\blog\node_modules\egg-view-nunjucks\node_modules\nunjucks\src\environment.js:315:9)
    at handle (D:\blog\node_modules\egg-view-nunjucks\node_modules\nunjucks\src\environment.js:327:11)
    at D:\blog\node_modules\egg-view-nunjucks\node_modules\nunjucks\src\environment.js:339:9
    at next (D:\blog\node_modules\egg-view-nunjucks\node_modules\nunjucks\src\lib.js:328:7)
    at Object.asyncIter (D:\blog\node_modules\egg-view-nunjucks\node_modules\nunjucks\src\lib.js:334:3)
name: "Template render error"
pid: 13124
hostname: DESKTOP-R1VCF7F

2021-05-01 22:08:48,978 ERROR 13124 [-/127.0.0.1/-/19ms GET /] nodejs.Template render error: (D:\blog\app\view\home\index.html) [Line 48, Column 37]
  Error: Unable to call `JSON["parse"]`, which is undefined or falsey
  Error: Unable to call `JSON["parse"]`, which is undefined or falsey
    at Object._prettifyError (D:\blog\node_modules\egg-view-nunjucks\node_modules\nunjucks\src\lib.js:36:11)
    at D:\blog\node_modules\egg-view-nunjucks\node_modules\nunjucks\src\environment.js:563:19
    at Template.root [as rootRenderFunc] (eval at _compile (D:\blog\node_modules\egg-view-nunjucks\node_modules\nunjucks\src\environment.js:633:18), <anonymous>:99:3)
    at Template.render (D:\blog\node_modules\egg-view-nunjucks\node_modules\nunjucks\src\environment.js:552:10)
    at D:\blog\node_modules\egg-view-nunjucks\node_modules\nunjucks\src\environment.js:366:27
    at createTemplate (D:\blog\node_modules\egg-view-nunjucks\node_modules\nunjucks\src\environment.js:315:9)
    at handle (D:\blog\node_modules\egg-view-nunjucks\node_modules\nunjucks\src\environment.js:327:11)
    at D:\blog\node_modules\egg-view-nunjucks\node_modules\nunjucks\src\environment.js:339:9
    at next (D:\blog\node_modules\egg-view-nunjucks\node_modules\nunjucks\src\lib.js:328:7)
    at Object.asyncIter (D:\blog\node_modules\egg-view-nunjucks\node_modules\nunjucks\src\lib.js:334:3)
name: "Template render error"
pid: 13124
hostname: DESKTOP-R1VCF7F

2021-05-01 22:10:25,233 ERROR 12248 [-/127.0.0.1/-/20ms GET /] nodejs.Template render error: (D:\blog\app\view\home\index.html) [Line 48, Column 38]
  Error: Unable to call `JSON["parse"]`, which is undefined or falsey
  Error: Unable to call `JSON["parse"]`, which is undefined or falsey
    at Object._prettifyError (D:\blog\node_modules\egg-view-nunjucks\node_modules\nunjucks\src\lib.js:36:11)
    at D:\blog\node_modules\egg-view-nunjucks\node_modules\nunjucks\src\environment.js:563:19
    at Template.root [as rootRenderFunc] (eval at _compile (D:\blog\node_modules\egg-view-nunjucks\node_modules\nunjucks\src\environment.js:633:18), <anonymous>:99:3)
    at Template.render (D:\blog\node_modules\egg-view-nunjucks\node_modules\nunjucks\src\environment.js:552:10)
    at D:\blog\node_modules\egg-view-nunjucks\node_modules\nunjucks\src\environment.js:366:27
    at createTemplate (D:\blog\node_modules\egg-view-nunjucks\node_modules\nunjucks\src\environment.js:315:9)
    at handle (D:\blog\node_modules\egg-view-nunjucks\node_modules\nunjucks\src\environment.js:327:11)
    at D:\blog\node_modules\egg-view-nunjucks\node_modules\nunjucks\src\environment.js:339:9
    at next (D:\blog\node_modules\egg-view-nunjucks\node_modules\nunjucks\src\lib.js:328:7)
    at Object.asyncIter (D:\blog\node_modules\egg-view-nunjucks\node_modules\nunjucks\src\lib.js:334:3)
name: "Template render error"
pid: 12248
hostname: DESKTOP-R1VCF7F

2021-05-01 22:12:17,087 ERROR 7484 [-/127.0.0.1/-/6ms GET /] nodejs.SyntaxError: Unexpected token u in JSON at position 0
    at JSON.parse (<anonymous>)
    at HomeController.index (D:\blog\app\controller\home.js:15:28)
    at processTicksAndRejections (internal/process/task_queues.js:93:5)
    at async D:\blog\node_modules\egg-development\app\middleware\egg_loader_trace.js:9:50
    at async xframe (D:\blog\node_modules\egg-security\lib\middlewares\xframe.js:7:5)
    at async xssProtection (D:\blog\node_modules\egg-security\lib\middlewares\xssProtection.js:7:5)
    at async nosniff (D:\blog\node_modules\egg-security\lib\middlewares\nosniff.js:8:5)
    at async noopen (D:\blog\node_modules\egg-security\lib\middlewares\noopen.js:8:5)
    at async session (D:\blog\node_modules\koa-session\index.js:41:7)
    at async bodyParser (D:\blog\node_modules\koa-bodyparser\index.js:95:5)

pid: 7484
hostname: DESKTOP-R1VCF7F

2021-05-01 22:12:39,798 ERROR 5392 [-/127.0.0.1/-/5ms GET /] nodejs.SyntaxError: Unexpected token u in JSON at position 0
    at JSON.parse (<anonymous>)
    at HomeController.index (D:\blog\app\controller\home.js:15:28)
    at processTicksAndRejections (internal/process/task_queues.js:93:5)
    at async D:\blog\node_modules\egg-development\app\middleware\egg_loader_trace.js:9:50
    at async xframe (D:\blog\node_modules\egg-security\lib\middlewares\xframe.js:7:5)
    at async xssProtection (D:\blog\node_modules\egg-security\lib\middlewares\xssProtection.js:7:5)
    at async nosniff (D:\blog\node_modules\egg-security\lib\middlewares\nosniff.js:8:5)
    at async noopen (D:\blog\node_modules\egg-security\lib\middlewares\noopen.js:8:5)
    at async session (D:\blog\node_modules\koa-session\index.js:41:7)
    at async bodyParser (D:\blog\node_modules\koa-bodyparser\index.js:95:5)

pid: 5392
hostname: DESKTOP-R1VCF7F

2021-05-01 22:14:13,389 ERROR 13188 [-/127.0.0.1/-/5ms GET /] nodejs.SyntaxError: Unexpected token u in JSON at position 0
    at JSON.parse (<anonymous>)
    at HomeController.index (D:\blog\app\controller\home.js:16:28)
    at processTicksAndRejections (internal/process/task_queues.js:93:5)
    at async D:\blog\node_modules\egg-development\app\middleware\egg_loader_trace.js:9:50
    at async xframe (D:\blog\node_modules\egg-security\lib\middlewares\xframe.js:7:5)
    at async xssProtection (D:\blog\node_modules\egg-security\lib\middlewares\xssProtection.js:7:5)
    at async nosniff (D:\blog\node_modules\egg-security\lib\middlewares\nosniff.js:8:5)
    at async noopen (D:\blog\node_modules\egg-security\lib\middlewares\noopen.js:8:5)
    at async session (D:\blog\node_modules\koa-session\index.js:41:7)
    at async bodyParser (D:\blog\node_modules\koa-bodyparser\index.js:95:5)

pid: 13188
hostname: DESKTOP-R1VCF7F

2021-05-01 22:14:38,548 ERROR 7988 [-/127.0.0.1/-/6ms GET /] nodejs.ReferenceError: sdata is not defined
    at HomeController.index (D:\blog\app\controller\home.js:16:5)
    at processTicksAndRejections (internal/process/task_queues.js:93:5)
    at async D:\blog\node_modules\egg-development\app\middleware\egg_loader_trace.js:9:50
    at async xframe (D:\blog\node_modules\egg-security\lib\middlewares\xframe.js:7:5)
    at async xssProtection (D:\blog\node_modules\egg-security\lib\middlewares\xssProtection.js:7:5)
    at async nosniff (D:\blog\node_modules\egg-security\lib\middlewares\nosniff.js:8:5)
    at async noopen (D:\blog\node_modules\egg-security\lib\middlewares\noopen.js:8:5)
    at async session (D:\blog\node_modules\koa-session\index.js:41:7)
    at async bodyParser (D:\blog\node_modules\koa-bodyparser\index.js:95:5)
    at async D:\blog\node_modules\koa-static-cache\index.js:41:56

pid: 7988
hostname: DESKTOP-R1VCF7F

2021-05-01 22:14:46,996 ERROR 2768 [-/127.0.0.1/-/5ms GET /] nodejs.SyntaxError: Unexpected token u in JSON at position 0
    at JSON.parse (<anonymous>)
    at HomeController.index (D:\blog\app\controller\home.js:16:28)
    at processTicksAndRejections (internal/process/task_queues.js:93:5)
    at async D:\blog\node_modules\egg-development\app\middleware\egg_loader_trace.js:9:50
    at async xframe (D:\blog\node_modules\egg-security\lib\middlewares\xframe.js:7:5)
    at async xssProtection (D:\blog\node_modules\egg-security\lib\middlewares\xssProtection.js:7:5)
    at async nosniff (D:\blog\node_modules\egg-security\lib\middlewares\nosniff.js:8:5)
    at async noopen (D:\blog\node_modules\egg-security\lib\middlewares\noopen.js:8:5)
    at async session (D:\blog\node_modules\koa-session\index.js:41:7)
    at async bodyParser (D:\blog\node_modules\koa-bodyparser\index.js:95:5)

pid: 2768
hostname: DESKTOP-R1VCF7F

2021-05-01 22:16:08,726 ERROR 500 [-/127.0.0.1/-/8ms GET /] nodejs.SyntaxError: Unexpected token u in JSON at position 0
    at JSON.parse (<anonymous>)
    at HomeController.index (D:\blog\app\controller\home.js:16:14)
    at processTicksAndRejections (internal/process/task_queues.js:93:5)
    at async D:\blog\node_modules\egg-development\app\middleware\egg_loader_trace.js:9:50
    at async xframe (D:\blog\node_modules\egg-security\lib\middlewares\xframe.js:7:5)
    at async xssProtection (D:\blog\node_modules\egg-security\lib\middlewares\xssProtection.js:7:5)
    at async nosniff (D:\blog\node_modules\egg-security\lib\middlewares\nosniff.js:8:5)
    at async noopen (D:\blog\node_modules\egg-security\lib\middlewares\noopen.js:8:5)
    at async session (D:\blog\node_modules\koa-session\index.js:41:7)
    at async bodyParser (D:\blog\node_modules\koa-bodyparser\index.js:95:5)

pid: 500
hostname: DESKTOP-R1VCF7F

2021-05-01 22:16:10,131 ERROR 12292 [-/127.0.0.1/-/5ms GET /] nodejs.SyntaxError: Unexpected token u in JSON at position 0
    at JSON.parse (<anonymous>)
    at HomeController.index (D:\blog\app\controller\home.js:16:18)
    at processTicksAndRejections (internal/process/task_queues.js:93:5)
    at async D:\blog\node_modules\egg-development\app\middleware\egg_loader_trace.js:9:50
    at async xframe (D:\blog\node_modules\egg-security\lib\middlewares\xframe.js:7:5)
    at async xssProtection (D:\blog\node_modules\egg-security\lib\middlewares\xssProtection.js:7:5)
    at async nosniff (D:\blog\node_modules\egg-security\lib\middlewares\nosniff.js:8:5)
    at async noopen (D:\blog\node_modules\egg-security\lib\middlewares\noopen.js:8:5)
    at async session (D:\blog\node_modules\koa-session\index.js:41:7)
    at async bodyParser (D:\blog\node_modules\koa-bodyparser\index.js:95:5)

pid: 12292
hostname: DESKTOP-R1VCF7F

2021-05-01 22:17:17,692 ERROR 11708 [-/127.0.0.1/-/5ms GET /] nodejs.SyntaxError: Unexpected token u in JSON at position 0
    at JSON.parse (<anonymous>)
    at HomeController.index (D:\blog\app\controller\home.js:16:18)
    at processTicksAndRejections (internal/process/task_queues.js:93:5)
    at async D:\blog\node_modules\egg-development\app\middleware\egg_loader_trace.js:9:50
    at async xframe (D:\blog\node_modules\egg-security\lib\middlewares\xframe.js:7:5)
    at async xssProtection (D:\blog\node_modules\egg-security\lib\middlewares\xssProtection.js:7:5)
    at async nosniff (D:\blog\node_modules\egg-security\lib\middlewares\nosniff.js:8:5)
    at async noopen (D:\blog\node_modules\egg-security\lib\middlewares\noopen.js:8:5)
    at async session (D:\blog\node_modules\koa-session\index.js:41:7)
    at async bodyParser (D:\blog\node_modules\koa-bodyparser\index.js:95:5)

pid: 11708
hostname: DESKTOP-R1VCF7F

2021-05-01 22:17:46,822 ERROR 14032 [-/127.0.0.1/-/5ms GET /] nodejs.TypeError: JSON.uparse is not a function
    at HomeController.index (D:\blog\app\controller\home.js:16:18)
    at processTicksAndRejections (internal/process/task_queues.js:93:5)
    at async D:\blog\node_modules\egg-development\app\middleware\egg_loader_trace.js:9:50
    at async xframe (D:\blog\node_modules\egg-security\lib\middlewares\xframe.js:7:5)
    at async xssProtection (D:\blog\node_modules\egg-security\lib\middlewares\xssProtection.js:7:5)
    at async nosniff (D:\blog\node_modules\egg-security\lib\middlewares\nosniff.js:8:5)
    at async noopen (D:\blog\node_modules\egg-security\lib\middlewares\noopen.js:8:5)
    at async session (D:\blog\node_modules\koa-session\index.js:41:7)
    at async bodyParser (D:\blog\node_modules\koa-bodyparser\index.js:95:5)
    at async D:\blog\node_modules\koa-static-cache\index.js:41:56

pid: 14032
hostname: DESKTOP-R1VCF7F

2021-05-01 22:17:52,541 ERROR 14032 [-/127.0.0.1/-/2ms GET /] nodejs.TypeError: JSON.uparse is not a function
    at HomeController.index (D:\blog\app\controller\home.js:16:18)
    at processTicksAndRejections (internal/process/task_queues.js:93:5)
    at async D:\blog\node_modules\egg-development\app\middleware\egg_loader_trace.js:9:50
    at async xframe (D:\blog\node_modules\egg-security\lib\middlewares\xframe.js:7:5)
    at async xssProtection (D:\blog\node_modules\egg-security\lib\middlewares\xssProtection.js:7:5)
    at async nosniff (D:\blog\node_modules\egg-security\lib\middlewares\nosniff.js:8:5)
    at async noopen (D:\blog\node_modules\egg-security\lib\middlewares\noopen.js:8:5)
    at async session (D:\blog\node_modules\koa-session\index.js:41:7)
    at async bodyParser (D:\blog\node_modules\koa-bodyparser\index.js:95:5)
    at async D:\blog\node_modules\koa-static-cache\index.js:41:56

pid: 14032
hostname: DESKTOP-R1VCF7F

2021-05-01 22:17:53,804 ERROR 10312 [-/127.0.0.1/-/6ms GET /] nodejs.SyntaxError: Unexpected token u in JSON at position 0
    at JSON.parse (<anonymous>)
    at HomeController.index (D:\blog\app\controller\home.js:16:18)
    at processTicksAndRejections (internal/process/task_queues.js:93:5)
    at async D:\blog\node_modules\egg-development\app\middleware\egg_loader_trace.js:9:50
    at async xframe (D:\blog\node_modules\egg-security\lib\middlewares\xframe.js:7:5)
    at async xssProtection (D:\blog\node_modules\egg-security\lib\middlewares\xssProtection.js:7:5)
    at async nosniff (D:\blog\node_modules\egg-security\lib\middlewares\nosniff.js:8:5)
    at async noopen (D:\blog\node_modules\egg-security\lib\middlewares\noopen.js:8:5)
    at async session (D:\blog\node_modules\koa-session\index.js:41:7)
    at async bodyParser (D:\blog\node_modules\koa-bodyparser\index.js:95:5)

pid: 10312
hostname: DESKTOP-R1VCF7F

2021-05-01 22:17:54,782 ERROR 10312 [-/127.0.0.1/-/2ms GET /] nodejs.SyntaxError: Unexpected token u in JSON at position 0
    at JSON.parse (<anonymous>)
    at HomeController.index (D:\blog\app\controller\home.js:16:18)
    at processTicksAndRejections (internal/process/task_queues.js:93:5)
    at async D:\blog\node_modules\egg-development\app\middleware\egg_loader_trace.js:9:50
    at async xframe (D:\blog\node_modules\egg-security\lib\middlewares\xframe.js:7:5)
    at async xssProtection (D:\blog\node_modules\egg-security\lib\middlewares\xssProtection.js:7:5)
    at async nosniff (D:\blog\node_modules\egg-security\lib\middlewares\nosniff.js:8:5)
    at async noopen (D:\blog\node_modules\egg-security\lib\middlewares\noopen.js:8:5)
    at async session (D:\blog\node_modules\koa-session\index.js:41:7)
    at async bodyParser (D:\blog\node_modules\koa-bodyparser\index.js:95:5)

pid: 10312
hostname: DESKTOP-R1VCF7F

2021-05-01 22:20:18,133 ERROR 5872 [-/127.0.0.1/-/6ms GET /] nodejs.SyntaxError: Unexpected token o in JSON at position 1
    at JSON.parse (<anonymous>)
    at HomeController.index (D:\blog\app\controller\home.js:17:21)
    at processTicksAndRejections (internal/process/task_queues.js:93:5)
    at async D:\blog\node_modules\egg-development\app\middleware\egg_loader_trace.js:9:50
    at async xframe (D:\blog\node_modules\egg-security\lib\middlewares\xframe.js:7:5)
    at async xssProtection (D:\blog\node_modules\egg-security\lib\middlewares\xssProtection.js:7:5)
    at async nosniff (D:\blog\node_modules\egg-security\lib\middlewares\nosniff.js:8:5)
    at async noopen (D:\blog\node_modules\egg-security\lib\middlewares\noopen.js:8:5)
    at async session (D:\blog\node_modules\koa-session\index.js:41:7)
    at async bodyParser (D:\blog\node_modules\koa-bodyparser\index.js:95:5)

pid: 5872
hostname: DESKTOP-R1VCF7F

2021-05-01 22:20:18,805 ERROR 5872 [-/127.0.0.1/-/1ms GET /] nodejs.SyntaxError: Unexpected token o in JSON at position 1
    at JSON.parse (<anonymous>)
    at HomeController.index (D:\blog\app\controller\home.js:17:21)
    at processTicksAndRejections (internal/process/task_queues.js:93:5)
    at async D:\blog\node_modules\egg-development\app\middleware\egg_loader_trace.js:9:50
    at async xframe (D:\blog\node_modules\egg-security\lib\middlewares\xframe.js:7:5)
    at async xssProtection (D:\blog\node_modules\egg-security\lib\middlewares\xssProtection.js:7:5)
    at async nosniff (D:\blog\node_modules\egg-security\lib\middlewares\nosniff.js:8:5)
    at async noopen (D:\blog\node_modules\egg-security\lib\middlewares\noopen.js:8:5)
    at async session (D:\blog\node_modules\koa-session\index.js:41:7)
    at async bodyParser (D:\blog\node_modules\koa-bodyparser\index.js:95:5)

pid: 5872
hostname: DESKTOP-R1VCF7F

2021-05-01 22:21:15,718 ERROR 5872 [-/127.0.0.1/-/2ms GET /] nodejs.SyntaxError: Unexpected token o in JSON at position 1
    at JSON.parse (<anonymous>)
    at HomeController.index (D:\blog\app\controller\home.js:17:21)
    at processTicksAndRejections (internal/process/task_queues.js:93:5)
    at async D:\blog\node_modules\egg-development\app\middleware\egg_loader_trace.js:9:50
    at async xframe (D:\blog\node_modules\egg-security\lib\middlewares\xframe.js:7:5)
    at async xssProtection (D:\blog\node_modules\egg-security\lib\middlewares\xssProtection.js:7:5)
    at async nosniff (D:\blog\node_modules\egg-security\lib\middlewares\nosniff.js:8:5)
    at async noopen (D:\blog\node_modules\egg-security\lib\middlewares\noopen.js:8:5)
    at async session (D:\blog\node_modules\koa-session\index.js:41:7)
    at async bodyParser (D:\blog\node_modules\koa-bodyparser\index.js:95:5)

pid: 5872
hostname: DESKTOP-R1VCF7F

2021-05-01 22:23:57,500 ERROR 9176 [-/127.0.0.1/-/6ms GET /] nodejs.SyntaxError: Unexpected token o in JSON at position 1
    at JSON.parse (<anonymous>)
    at HomeController.index (D:\blog\app\controller\home.js:17:21)
    at processTicksAndRejections (internal/process/task_queues.js:93:5)
    at async D:\blog\node_modules\egg-development\app\middleware\egg_loader_trace.js:9:50
    at async xframe (D:\blog\node_modules\egg-security\lib\middlewares\xframe.js:7:5)
    at async xssProtection (D:\blog\node_modules\egg-security\lib\middlewares\xssProtection.js:7:5)
    at async nosniff (D:\blog\node_modules\egg-security\lib\middlewares\nosniff.js:8:5)
    at async noopen (D:\blog\node_modules\egg-security\lib\middlewares\noopen.js:8:5)
    at async session (D:\blog\node_modules\koa-session\index.js:41:7)
    at async bodyParser (D:\blog\node_modules\koa-bodyparser\index.js:95:5)

pid: 9176
hostname: DESKTOP-R1VCF7F

2021-05-01 22:23:58,166 ERROR 9176 [-/127.0.0.1/-/2ms GET /] nodejs.SyntaxError: Unexpected token o in JSON at position 1
    at JSON.parse (<anonymous>)
    at HomeController.index (D:\blog\app\controller\home.js:17:21)
    at processTicksAndRejections (internal/process/task_queues.js:93:5)
    at async D:\blog\node_modules\egg-development\app\middleware\egg_loader_trace.js:9:50
    at async xframe (D:\blog\node_modules\egg-security\lib\middlewares\xframe.js:7:5)
    at async xssProtection (D:\blog\node_modules\egg-security\lib\middlewares\xssProtection.js:7:5)
    at async nosniff (D:\blog\node_modules\egg-security\lib\middlewares\nosniff.js:8:5)
    at async noopen (D:\blog\node_modules\egg-security\lib\middlewares\noopen.js:8:5)
    at async session (D:\blog\node_modules\koa-session\index.js:41:7)
    at async bodyParser (D:\blog\node_modules\koa-bodyparser\index.js:95:5)

pid: 9176
hostname: DESKTOP-R1VCF7F

2021-05-02 09:46:56,818 ERROR 11400 [-/127.0.0.1/-/6ms GET /blog/1] nodejs.TypeError: Cannot read property 'type' of undefined
    at BlogController.index (D:\blog\app\controller\blog.js:9:43)
    at processTicksAndRejections (internal/process/task_queues.js:93:5)
    at async D:\blog\node_modules\egg-development\app\middleware\egg_loader_trace.js:9:50
    at async xframe (D:\blog\node_modules\egg-security\lib\middlewares\xframe.js:7:5)
    at async xssProtection (D:\blog\node_modules\egg-security\lib\middlewares\xssProtection.js:7:5)
    at async nosniff (D:\blog\node_modules\egg-security\lib\middlewares\nosniff.js:8:5)
    at async noopen (D:\blog\node_modules\egg-security\lib\middlewares\noopen.js:8:5)
    at async session (D:\blog\node_modules\koa-session\index.js:41:7)
    at async bodyParser (D:\blog\node_modules\koa-bodyparser\index.js:95:5)
    at async D:\blog\node_modules\koa-static-cache\index.js:41:56

pid: 11400
hostname: DESKTOP-R1VCF7F

2021-05-02 09:47:15,772 ERROR 11728 [-/127.0.0.1/-/8ms GET /blog/1] nodejs.TypeError: Cannot read property 'type' of undefined
    at BlogController.index (D:\blog\app\controller\blog.js:9:43)
    at processTicksAndRejections (internal/process/task_queues.js:93:5)
    at async D:\blog\node_modules\egg-development\app\middleware\egg_loader_trace.js:9:50
    at async xframe (D:\blog\node_modules\egg-security\lib\middlewares\xframe.js:7:5)
    at async xssProtection (D:\blog\node_modules\egg-security\lib\middlewares\xssProtection.js:7:5)
    at async nosniff (D:\blog\node_modules\egg-security\lib\middlewares\nosniff.js:8:5)
    at async noopen (D:\blog\node_modules\egg-security\lib\middlewares\noopen.js:8:5)
    at async session (D:\blog\node_modules\koa-session\index.js:41:7)
    at async bodyParser (D:\blog\node_modules\koa-bodyparser\index.js:95:5)
    at async D:\blog\node_modules\koa-static-cache\index.js:41:56

pid: 11728
hostname: DESKTOP-R1VCF7F

2021-05-02 09:47:16,423 ERROR 2800 [-/127.0.0.1/-/5ms GET /blog/1] nodejs.TypeError: Cannot read property 'type' of undefined
    at BlogController.index (D:\blog\app\controller\blog.js:11:43)
    at processTicksAndRejections (internal/process/task_queues.js:93:5)
    at async D:\blog\node_modules\egg-development\app\middleware\egg_loader_trace.js:9:50
    at async xframe (D:\blog\node_modules\egg-security\lib\middlewares\xframe.js:7:5)
    at async xssProtection (D:\blog\node_modules\egg-security\lib\middlewares\xssProtection.js:7:5)
    at async nosniff (D:\blog\node_modules\egg-security\lib\middlewares\nosniff.js:8:5)
    at async noopen (D:\blog\node_modules\egg-security\lib\middlewares\noopen.js:8:5)
    at async session (D:\blog\node_modules\koa-session\index.js:41:7)
    at async bodyParser (D:\blog\node_modules\koa-bodyparser\index.js:95:5)
    at async D:\blog\node_modules\koa-static-cache\index.js:41:56

pid: 2800
hostname: DESKTOP-R1VCF7F

2021-05-02 09:47:17,153 ERROR 2800 [-/127.0.0.1/-/2ms GET /blog/1] nodejs.TypeError: Cannot read property 'type' of undefined
    at BlogController.index (D:\blog\app\controller\blog.js:11:43)
    at processTicksAndRejections (internal/process/task_queues.js:93:5)
    at async D:\blog\node_modules\egg-development\app\middleware\egg_loader_trace.js:9:50
    at async xframe (D:\blog\node_modules\egg-security\lib\middlewares\xframe.js:7:5)
    at async xssProtection (D:\blog\node_modules\egg-security\lib\middlewares\xssProtection.js:7:5)
    at async nosniff (D:\blog\node_modules\egg-security\lib\middlewares\nosniff.js:8:5)
    at async noopen (D:\blog\node_modules\egg-security\lib\middlewares\noopen.js:8:5)
    at async session (D:\blog\node_modules\koa-session\index.js:41:7)
    at async bodyParser (D:\blog\node_modules\koa-bodyparser\index.js:95:5)
    at async D:\blog\node_modules\koa-static-cache\index.js:41:56

pid: 2800
hostname: DESKTOP-R1VCF7F

2021-05-02 09:47:17,610 ERROR 2800 [-/127.0.0.1/-/1ms GET /blog/1] nodejs.TypeError: Cannot read property 'type' of undefined
    at BlogController.index (D:\blog\app\controller\blog.js:11:43)
    at processTicksAndRejections (internal/process/task_queues.js:93:5)
    at async D:\blog\node_modules\egg-development\app\middleware\egg_loader_trace.js:9:50
    at async xframe (D:\blog\node_modules\egg-security\lib\middlewares\xframe.js:7:5)
    at async xssProtection (D:\blog\node_modules\egg-security\lib\middlewares\xssProtection.js:7:5)
    at async nosniff (D:\blog\node_modules\egg-security\lib\middlewares\nosniff.js:8:5)
    at async noopen (D:\blog\node_modules\egg-security\lib\middlewares\noopen.js:8:5)
    at async session (D:\blog\node_modules\koa-session\index.js:41:7)
    at async bodyParser (D:\blog\node_modules\koa-bodyparser\index.js:95:5)
    at async D:\blog\node_modules\koa-static-cache\index.js:41:56

pid: 2800
hostname: DESKTOP-R1VCF7F

2021-05-02 09:47:34,492 ERROR 4464 [-/127.0.0.1/-/6ms GET /blog/1] nodejs.TypeError: Cannot read property 'type' of undefined
    at BlogController.index (D:\blog\app\controller\blog.js:13:43)
    at processTicksAndRejections (internal/process/task_queues.js:93:5)
    at async D:\blog\node_modules\egg-development\app\middleware\egg_loader_trace.js:9:50
    at async xframe (D:\blog\node_modules\egg-security\lib\middlewares\xframe.js:7:5)
    at async xssProtection (D:\blog\node_modules\egg-security\lib\middlewares\xssProtection.js:7:5)
    at async nosniff (D:\blog\node_modules\egg-security\lib\middlewares\nosniff.js:8:5)
    at async noopen (D:\blog\node_modules\egg-security\lib\middlewares\noopen.js:8:5)
    at async session (D:\blog\node_modules\koa-session\index.js:41:7)
    at async bodyParser (D:\blog\node_modules\koa-bodyparser\index.js:95:5)
    at async D:\blog\node_modules\koa-static-cache\index.js:41:56

pid: 4464
hostname: DESKTOP-R1VCF7F

2021-05-02 09:47:40,019 ERROR 4464 [-/127.0.0.1/-/2ms GET /blog/1] nodejs.TypeError: Cannot read property 'type' of undefined
    at BlogController.index (D:\blog\app\controller\blog.js:13:43)
    at processTicksAndRejections (internal/process/task_queues.js:93:5)
    at async D:\blog\node_modules\egg-development\app\middleware\egg_loader_trace.js:9:50
    at async xframe (D:\blog\node_modules\egg-security\lib\middlewares\xframe.js:7:5)
    at async xssProtection (D:\blog\node_modules\egg-security\lib\middlewares\xssProtection.js:7:5)
    at async nosniff (D:\blog\node_modules\egg-security\lib\middlewares\nosniff.js:8:5)
    at async noopen (D:\blog\node_modules\egg-security\lib\middlewares\noopen.js:8:5)
    at async session (D:\blog\node_modules\koa-session\index.js:41:7)
    at async bodyParser (D:\blog\node_modules\koa-bodyparser\index.js:95:5)
    at async D:\blog\node_modules\koa-static-cache\index.js:41:56

pid: 4464
hostname: DESKTOP-R1VCF7F

2021-05-02 09:47:40,756 ERROR 4464 [-/127.0.0.1/-/2ms GET /blog/1] nodejs.TypeError: Cannot read property 'type' of undefined
    at BlogController.index (D:\blog\app\controller\blog.js:13:43)
    at processTicksAndRejections (internal/process/task_queues.js:93:5)
    at async D:\blog\node_modules\egg-development\app\middleware\egg_loader_trace.js:9:50
    at async xframe (D:\blog\node_modules\egg-security\lib\middlewares\xframe.js:7:5)
    at async xssProtection (D:\blog\node_modules\egg-security\lib\middlewares\xssProtection.js:7:5)
    at async nosniff (D:\blog\node_modules\egg-security\lib\middlewares\nosniff.js:8:5)
    at async noopen (D:\blog\node_modules\egg-security\lib\middlewares\noopen.js:8:5)
    at async session (D:\blog\node_modules\koa-session\index.js:41:7)
    at async bodyParser (D:\blog\node_modules\koa-bodyparser\index.js:95:5)
    at async D:\blog\node_modules\koa-static-cache\index.js:41:56

pid: 4464
hostname: DESKTOP-R1VCF7F

2021-05-02 09:47:52,925 ERROR 15332 [-/127.0.0.1/-/15ms GET /blog/1] nodejs.Template render error: (D:\blog\app\view\blog\index.html) [Line 25, Column 25]
  unexpected token: }}
  unexpected token: }}
    at Object._prettifyError (D:\blog\node_modules\egg-view-nunjucks\node_modules\nunjucks\src\lib.js:36:11)
    at Template.render (D:\blog\node_modules\egg-view-nunjucks\node_modules\nunjucks\src\environment.js:538:21)
    at D:\blog\node_modules\egg-view-nunjucks\node_modules\nunjucks\src\environment.js:366:27
    at createTemplate (D:\blog\node_modules\egg-view-nunjucks\node_modules\nunjucks\src\environment.js:315:9)
    at handle (D:\blog\node_modules\egg-view-nunjucks\node_modules\nunjucks\src\environment.js:327:11)
    at D:\blog\node_modules\egg-view-nunjucks\node_modules\nunjucks\src\environment.js:339:9
    at next (D:\blog\node_modules\egg-view-nunjucks\node_modules\nunjucks\src\lib.js:328:7)
    at Object.asyncIter (D:\blog\node_modules\egg-view-nunjucks\node_modules\nunjucks\src\lib.js:334:3)
    at NunjucksEnvironment.getTemplate (D:\blog\node_modules\egg-view-nunjucks\node_modules\nunjucks\src\environment.js:321:9)
    at NunjucksEnvironment.render (D:\blog\node_modules\egg-view-nunjucks\node_modules\nunjucks\src\environment.js:360:10)
name: "Template render error"
pid: 15332
hostname: DESKTOP-R1VCF7F

2021-05-02 09:47:59,663 ERROR 15332 [-/127.0.0.1/-/5ms GET /blog/1] nodejs.Template render error: (D:\blog\app\view\blog\index.html) [Line 25, Column 30]
  unexpected token: }}
  unexpected token: }}
    at Object._prettifyError (D:\blog\node_modules\egg-view-nunjucks\node_modules\nunjucks\src\lib.js:36:11)
    at Template.render (D:\blog\node_modules\egg-view-nunjucks\node_modules\nunjucks\src\environment.js:538:21)
    at D:\blog\node_modules\egg-view-nunjucks\node_modules\nunjucks\src\environment.js:366:27
    at createTemplate (D:\blog\node_modules\egg-view-nunjucks\node_modules\nunjucks\src\environment.js:315:9)
    at handle (D:\blog\node_modules\egg-view-nunjucks\node_modules\nunjucks\src\environment.js:327:11)
    at D:\blog\node_modules\egg-view-nunjucks\node_modules\nunjucks\src\environment.js:339:9
    at next (D:\blog\node_modules\egg-view-nunjucks\node_modules\nunjucks\src\lib.js:328:7)
    at Object.asyncIter (D:\blog\node_modules\egg-view-nunjucks\node_modules\nunjucks\src\lib.js:334:3)
    at NunjucksEnvironment.getTemplate (D:\blog\node_modules\egg-view-nunjucks\node_modules\nunjucks\src\environment.js:321:9)
    at NunjucksEnvironment.render (D:\blog\node_modules\egg-view-nunjucks\node_modules\nunjucks\src\environment.js:360:10)
name: "Template render error"
pid: 15332
hostname: DESKTOP-R1VCF7F

2021-05-02 09:48:00,502 ERROR 15332 [-/127.0.0.1/-/4ms GET /blog/1] nodejs.Template render error: (D:\blog\app\view\blog\index.html) [Line 25, Column 30]
  unexpected token: }}
  unexpected token: }}
    at Object._prettifyError (D:\blog\node_modules\egg-view-nunjucks\node_modules\nunjucks\src\lib.js:36:11)
    at Template.render (D:\blog\node_modules\egg-view-nunjucks\node_modules\nunjucks\src\environment.js:538:21)
    at D:\blog\node_modules\egg-view-nunjucks\node_modules\nunjucks\src\environment.js:366:27
    at createTemplate (D:\blog\node_modules\egg-view-nunjucks\node_modules\nunjucks\src\environment.js:315:9)
    at handle (D:\blog\node_modules\egg-view-nunjucks\node_modules\nunjucks\src\environment.js:327:11)
    at D:\blog\node_modules\egg-view-nunjucks\node_modules\nunjucks\src\environment.js:339:9
    at next (D:\blog\node_modules\egg-view-nunjucks\node_modules\nunjucks\src\lib.js:328:7)
    at Object.asyncIter (D:\blog\node_modules\egg-view-nunjucks\node_modules\nunjucks\src\lib.js:334:3)
    at NunjucksEnvironment.getTemplate (D:\blog\node_modules\egg-view-nunjucks\node_modules\nunjucks\src\environment.js:321:9)
    at NunjucksEnvironment.render (D:\blog\node_modules\egg-view-nunjucks\node_modules\nunjucks\src\environment.js:360:10)
name: "Template render error"
pid: 15332
hostname: DESKTOP-R1VCF7F

2021-05-02 09:48:01,131 ERROR 15332 [-/127.0.0.1/-/3ms GET /blog/1] nodejs.Template render error: (D:\blog\app\view\blog\index.html) [Line 25, Column 30]
  unexpected token: }}
  unexpected token: }}
    at Object._prettifyError (D:\blog\node_modules\egg-view-nunjucks\node_modules\nunjucks\src\lib.js:36:11)
    at Template.render (D:\blog\node_modules\egg-view-nunjucks\node_modules\nunjucks\src\environment.js:538:21)
    at D:\blog\node_modules\egg-view-nunjucks\node_modules\nunjucks\src\environment.js:366:27
    at createTemplate (D:\blog\node_modules\egg-view-nunjucks\node_modules\nunjucks\src\environment.js:315:9)
    at handle (D:\blog\node_modules\egg-view-nunjucks\node_modules\nunjucks\src\environment.js:327:11)
    at D:\blog\node_modules\egg-view-nunjucks\node_modules\nunjucks\src\environment.js:339:9
    at next (D:\blog\node_modules\egg-view-nunjucks\node_modules\nunjucks\src\lib.js:328:7)
    at Object.asyncIter (D:\blog\node_modules\egg-view-nunjucks\node_modules\nunjucks\src\lib.js:334:3)
    at NunjucksEnvironment.getTemplate (D:\blog\node_modules\egg-view-nunjucks\node_modules\nunjucks\src\environment.js:321:9)
    at NunjucksEnvironment.render (D:\blog\node_modules\egg-view-nunjucks\node_modules\nunjucks\src\environment.js:360:10)
name: "Template render error"
pid: 15332
hostname: DESKTOP-R1VCF7F

2021-05-02 09:48:03,628 ERROR 15332 [-/127.0.0.1/-/2ms GET /blog/1] nodejs.Template render error: (D:\blog\app\view\blog\index.html) [Line 25, Column 30]
  unexpected token: }}
  unexpected token: }}
    at Object._prettifyError (D:\blog\node_modules\egg-view-nunjucks\node_modules\nunjucks\src\lib.js:36:11)
    at Template.render (D:\blog\node_modules\egg-view-nunjucks\node_modules\nunjucks\src\environment.js:538:21)
    at D:\blog\node_modules\egg-view-nunjucks\node_modules\nunjucks\src\environment.js:366:27
    at createTemplate (D:\blog\node_modules\egg-view-nunjucks\node_modules\nunjucks\src\environment.js:315:9)
    at handle (D:\blog\node_modules\egg-view-nunjucks\node_modules\nunjucks\src\environment.js:327:11)
    at D:\blog\node_modules\egg-view-nunjucks\node_modules\nunjucks\src\environment.js:339:9
    at next (D:\blog\node_modules\egg-view-nunjucks\node_modules\nunjucks\src\lib.js:328:7)
    at Object.asyncIter (D:\blog\node_modules\egg-view-nunjucks\node_modules\nunjucks\src\lib.js:334:3)
    at NunjucksEnvironment.getTemplate (D:\blog\node_modules\egg-view-nunjucks\node_modules\nunjucks\src\environment.js:321:9)
    at NunjucksEnvironment.render (D:\blog\node_modules\egg-view-nunjucks\node_modules\nunjucks\src\environment.js:360:10)
name: "Template render error"
pid: 15332
hostname: DESKTOP-R1VCF7F

2021-05-02 09:59:08,872 ERROR 9392 [-/127.0.0.1/-/2ms GET /blog/2] nodejs.TypeError: Cannot read property 'type' of undefined
    at BlogController.index (D:\blog\app\controller\blog.js:10:43)
    at processTicksAndRejections (internal/process/task_queues.js:93:5)
    at async D:\blog\node_modules\egg-development\app\middleware\egg_loader_trace.js:9:50
    at async xframe (D:\blog\node_modules\egg-security\lib\middlewares\xframe.js:7:5)
    at async xssProtection (D:\blog\node_modules\egg-security\lib\middlewares\xssProtection.js:7:5)
    at async nosniff (D:\blog\node_modules\egg-security\lib\middlewares\nosniff.js:8:5)
    at async noopen (D:\blog\node_modules\egg-security\lib\middlewares\noopen.js:8:5)
    at async session (D:\blog\node_modules\koa-session\index.js:41:7)
    at async bodyParser (D:\blog\node_modules\koa-bodyparser\index.js:95:5)
    at async D:\blog\node_modules\koa-static-cache\index.js:41:56

pid: 9392
hostname: DESKTOP-R1VCF7F

2021-05-02 09:59:19,444 ERROR 9392 [-/127.0.0.1/-/1ms GET /blog/2] nodejs.TypeError: Cannot read property 'type' of undefined
    at BlogController.index (D:\blog\app\controller\blog.js:10:43)
    at processTicksAndRejections (internal/process/task_queues.js:93:5)
    at async D:\blog\node_modules\egg-development\app\middleware\egg_loader_trace.js:9:50
    at async xframe (D:\blog\node_modules\egg-security\lib\middlewares\xframe.js:7:5)
    at async xssProtection (D:\blog\node_modules\egg-security\lib\middlewares\xssProtection.js:7:5)
    at async nosniff (D:\blog\node_modules\egg-security\lib\middlewares\nosniff.js:8:5)
    at async noopen (D:\blog\node_modules\egg-security\lib\middlewares\noopen.js:8:5)
    at async session (D:\blog\node_modules\koa-session\index.js:41:7)
    at async bodyParser (D:\blog\node_modules\koa-bodyparser\index.js:95:5)
    at async D:\blog\node_modules\koa-static-cache\index.js:41:56

pid: 9392
hostname: DESKTOP-R1VCF7F

2021-05-02 10:00:23,875 ERROR 8800 [-/127.0.0.1/-/7ms GET /blog/2] nodejs.TypeError: Cannot read property 'img' of undefined
    at BlogController.index (D:\blog\app\controller\blog.js:12:31)
    at processTicksAndRejections (internal/process/task_queues.js:93:5)
    at async D:\blog\node_modules\egg-development\app\middleware\egg_loader_trace.js:9:50
    at async xframe (D:\blog\node_modules\egg-security\lib\middlewares\xframe.js:7:5)
    at async xssProtection (D:\blog\node_modules\egg-security\lib\middlewares\xssProtection.js:7:5)
    at async nosniff (D:\blog\node_modules\egg-security\lib\middlewares\nosniff.js:8:5)
    at async noopen (D:\blog\node_modules\egg-security\lib\middlewares\noopen.js:8:5)
    at async session (D:\blog\node_modules\koa-session\index.js:41:7)
    at async bodyParser (D:\blog\node_modules\koa-bodyparser\index.js:95:5)
    at async D:\blog\node_modules\koa-static-cache\index.js:41:56

pid: 8800
hostname: DESKTOP-R1VCF7F

2021-05-02 10:00:25,176 ERROR 15004 [-/127.0.0.1/-/7ms GET /blog/2] nodejs.TypeError: Cannot read property 'img' of undefined
    at BlogController.index (D:\blog\app\controller\blog.js:12:31)
    at processTicksAndRejections (internal/process/task_queues.js:93:5)
    at async D:\blog\node_modules\egg-development\app\middleware\egg_loader_trace.js:9:50
    at async xframe (D:\blog\node_modules\egg-security\lib\middlewares\xframe.js:7:5)
    at async xssProtection (D:\blog\node_modules\egg-security\lib\middlewares\xssProtection.js:7:5)
    at async nosniff (D:\blog\node_modules\egg-security\lib\middlewares\nosniff.js:8:5)
    at async noopen (D:\blog\node_modules\egg-security\lib\middlewares\noopen.js:8:5)
    at async session (D:\blog\node_modules\koa-session\index.js:41:7)
    at async bodyParser (D:\blog\node_modules\koa-bodyparser\index.js:95:5)
    at async D:\blog\node_modules\koa-static-cache\index.js:41:56

pid: 15004
hostname: DESKTOP-R1VCF7F

2021-05-02 10:00:26,724 ERROR 15004 [-/127.0.0.1/-/2ms GET /blog/2] nodejs.TypeError: Cannot read property 'img' of undefined
    at BlogController.index (D:\blog\app\controller\blog.js:12:31)
    at processTicksAndRejections (internal/process/task_queues.js:93:5)
    at async D:\blog\node_modules\egg-development\app\middleware\egg_loader_trace.js:9:50
    at async xframe (D:\blog\node_modules\egg-security\lib\middlewares\xframe.js:7:5)
    at async xssProtection (D:\blog\node_modules\egg-security\lib\middlewares\xssProtection.js:7:5)
    at async nosniff (D:\blog\node_modules\egg-security\lib\middlewares\nosniff.js:8:5)
    at async noopen (D:\blog\node_modules\egg-security\lib\middlewares\noopen.js:8:5)
    at async session (D:\blog\node_modules\koa-session\index.js:41:7)
    at async bodyParser (D:\blog\node_modules\koa-bodyparser\index.js:95:5)
    at async D:\blog\node_modules\koa-static-cache\index.js:41:56

pid: 15004
hostname: DESKTOP-R1VCF7F

2021-05-02 10:00:55,753 ERROR 15300 [-/127.0.0.1/-/7ms GET /blog/2] nodejs.TypeError: Cannot read property 'img' of undefined
    at BlogController.index (D:\blog\app\controller\blog.js:12:31)
    at processTicksAndRejections (internal/process/task_queues.js:93:5)
    at async D:\blog\node_modules\egg-development\app\middleware\egg_loader_trace.js:9:50
    at async xframe (D:\blog\node_modules\egg-security\lib\middlewares\xframe.js:7:5)
    at async xssProtection (D:\blog\node_modules\egg-security\lib\middlewares\xssProtection.js:7:5)
    at async nosniff (D:\blog\node_modules\egg-security\lib\middlewares\nosniff.js:8:5)
    at async noopen (D:\blog\node_modules\egg-security\lib\middlewares\noopen.js:8:5)
    at async session (D:\blog\node_modules\koa-session\index.js:41:7)
    at async bodyParser (D:\blog\node_modules\koa-bodyparser\index.js:95:5)
    at async D:\blog\node_modules\koa-static-cache\index.js:41:56

pid: 15300
hostname: DESKTOP-R1VCF7F

2021-05-02 10:01:23,386 ERROR 5940 [-/127.0.0.1/-/6ms GET /blog/2] nodejs.TypeError: Cannot read property 'type' of undefined
    at BlogController.index (D:\blog\app\controller\blog.js:11:43)
    at processTicksAndRejections (internal/process/task_queues.js:93:5)
    at async D:\blog\node_modules\egg-development\app\middleware\egg_loader_trace.js:9:50
    at async xframe (D:\blog\node_modules\egg-security\lib\middlewares\xframe.js:7:5)
    at async xssProtection (D:\blog\node_modules\egg-security\lib\middlewares\xssProtection.js:7:5)
    at async nosniff (D:\blog\node_modules\egg-security\lib\middlewares\nosniff.js:8:5)
    at async noopen (D:\blog\node_modules\egg-security\lib\middlewares\noopen.js:8:5)
    at async session (D:\blog\node_modules\koa-session\index.js:41:7)
    at async bodyParser (D:\blog\node_modules\koa-bodyparser\index.js:95:5)
    at async D:\blog\node_modules\koa-static-cache\index.js:41:56

pid: 5940
hostname: DESKTOP-R1VCF7F

2021-05-02 10:01:24,645 ERROR 5940 [-/127.0.0.1/-/2ms GET /blog/2] nodejs.TypeError: Cannot read property 'type' of undefined
    at BlogController.index (D:\blog\app\controller\blog.js:11:43)
    at processTicksAndRejections (internal/process/task_queues.js:93:5)
    at async D:\blog\node_modules\egg-development\app\middleware\egg_loader_trace.js:9:50
    at async xframe (D:\blog\node_modules\egg-security\lib\middlewares\xframe.js:7:5)
    at async xssProtection (D:\blog\node_modules\egg-security\lib\middlewares\xssProtection.js:7:5)
    at async nosniff (D:\blog\node_modules\egg-security\lib\middlewares\nosniff.js:8:5)
    at async noopen (D:\blog\node_modules\egg-security\lib\middlewares\noopen.js:8:5)
    at async session (D:\blog\node_modules\koa-session\index.js:41:7)
    at async bodyParser (D:\blog\node_modules\koa-bodyparser\index.js:95:5)
    at async D:\blog\node_modules\koa-static-cache\index.js:41:56

pid: 5940
hostname: DESKTOP-R1VCF7F

2021-05-03 10:14:13,889 ERROR 7268 [-/127.0.0.1/-/5ms GET /] nodejs.TypeError: Cannot read property 'query' of undefined
    at BlogService.findAll (D:\blog\app\service\blog.js:5:37)
    at HomeController.index (D:\blog\app\controller\home.js:6:39)
    at Object.callFn (D:\blog\node_modules\egg-core\lib\utils\index.js:44:21)
    at Object.classControllerMiddleware (D:\blog\node_modules\egg-core\lib\loader\mixin\controller.js:87:20)
    at Object.callFn (D:\blog\node_modules\@eggjs\router\lib\utils.js:12:21)
    at wrappedController (D:\blog\node_modules\@eggjs\router\lib\egg_router.js:322:18)
    at dispatch (D:\blog\node_modules\koa-compose\index.js:44:32)
    at next (D:\blog\node_modules\koa-compose\index.js:45:18)
    at D:\blog\node_modules\@eggjs\router\lib\router.js:190:18
    at dispatch (D:\blog\node_modules\koa-compose\index.js:44:32)

pid: 7268
hostname: DESKTOP-R1VCF7F

2021-05-03 10:14:46,313 ERROR 3744 [-/127.0.0.1/-/4ms GET /] nodejs.TypeError: Cannot read property 'query' of undefined
    at BlogService.findAll (D:\blog\app\service\blog.js:5:40)
    at HomeController.index (D:\blog\app\controller\home.js:6:39)
    at Object.callFn (D:\blog\node_modules\egg-core\lib\utils\index.js:44:21)
    at Object.classControllerMiddleware (D:\blog\node_modules\egg-core\lib\loader\mixin\controller.js:87:20)
    at Object.callFn (D:\blog\node_modules\@eggjs\router\lib\utils.js:12:21)
    at wrappedController (D:\blog\node_modules\@eggjs\router\lib\egg_router.js:322:18)
    at dispatch (D:\blog\node_modules\koa-compose\index.js:44:32)
    at next (D:\blog\node_modules\koa-compose\index.js:45:18)
    at D:\blog\node_modules\@eggjs\router\lib\router.js:190:18
    at dispatch (D:\blog\node_modules\koa-compose\index.js:44:32)

pid: 3744
hostname: DESKTOP-R1VCF7F

2021-05-03 10:15:40,897 ERROR 7156 [-/127.0.0.1/-/6ms GET /] nodejs.TypeError: Cannot read property 'select' of undefined
    at BlogService.findAll (D:\blog\app\service\blog.js:5:40)
    at HomeController.index (D:\blog\app\controller\home.js:6:39)
    at Object.callFn (D:\blog\node_modules\egg-core\lib\utils\index.js:44:21)
    at Object.classControllerMiddleware (D:\blog\node_modules\egg-core\lib\loader\mixin\controller.js:87:20)
    at Object.callFn (D:\blog\node_modules\@eggjs\router\lib\utils.js:12:21)
    at wrappedController (D:\blog\node_modules\@eggjs\router\lib\egg_router.js:322:18)
    at dispatch (D:\blog\node_modules\koa-compose\index.js:44:32)
    at next (D:\blog\node_modules\koa-compose\index.js:45:18)
    at D:\blog\node_modules\@eggjs\router\lib\router.js:190:18
    at dispatch (D:\blog\node_modules\koa-compose\index.js:44:32)

pid: 7156
hostname: DESKTOP-R1VCF7F

2021-05-03 10:16:26,639 ERROR 15004 [-/127.0.0.1/-/4ms GET /] nodejs.TypeError: Cannot read property 'select' of undefined
    at BlogService.findAll (D:\blog\app\service\blog.js:5:40)
    at HomeController.index (D:\blog\app\controller\home.js:6:39)
    at Object.callFn (D:\blog\node_modules\egg-core\lib\utils\index.js:44:21)
    at Object.classControllerMiddleware (D:\blog\node_modules\egg-core\lib\loader\mixin\controller.js:87:20)
    at Object.callFn (D:\blog\node_modules\@eggjs\router\lib\utils.js:12:21)
    at wrappedController (D:\blog\node_modules\@eggjs\router\lib\egg_router.js:322:18)
    at dispatch (D:\blog\node_modules\koa-compose\index.js:44:32)
    at next (D:\blog\node_modules\koa-compose\index.js:45:18)
    at D:\blog\node_modules\@eggjs\router\lib\router.js:190:18
    at dispatch (D:\blog\node_modules\koa-compose\index.js:44:32)

pid: 15004
hostname: DESKTOP-R1VCF7F

2021-05-03 10:38:30,540 ERROR 14704 [-/127.0.0.1/-/6ms GET /] nodejs.ENOENTError: ENOENT: no such file or directory, open 'sadiuedhgia'
    at Object.openSync (fs.js:476:3)
    at readFileSync (fs.js:377:35)
    at HomeController.index (D:\blog\app\controller\home.js:14:17)
    at processTicksAndRejections (internal/process/task_queues.js:93:5)
    at async D:\blog\node_modules\egg-development\app\middleware\egg_loader_trace.js:9:50
    at async xframe (D:\blog\node_modules\egg-security\lib\middlewares\xframe.js:7:5)
    at async xssProtection (D:\blog\node_modules\egg-security\lib\middlewares\xssProtection.js:7:5)
    at async nosniff (D:\blog\node_modules\egg-security\lib\middlewares\nosniff.js:8:5)
    at async noopen (D:\blog\node_modules\egg-security\lib\middlewares\noopen.js:8:5)
    at async session (D:\blog\node_modules\koa-session\index.js:41:7)
errno: -4058
syscall: "open"
code: "ENOENT"
path: "sadiuedhgia"
name: "ENOENTError"
pid: 14704
hostname: DESKTOP-R1VCF7F

2021-05-03 10:39:32,843 ERROR 11124 [-/127.0.0.1/-/4ms GET /] nodejs.TypeError: Cannot read property 'reverse' of undefined
    at HomeController.index (D:\blog\app\controller\home.js:9:13)
    at Object.callFn (D:\blog\node_modules\egg-core\lib\utils\index.js:44:21)
    at Object.classControllerMiddleware (D:\blog\node_modules\egg-core\lib\loader\mixin\controller.js:87:20)
    at Object.callFn (D:\blog\node_modules\@eggjs\router\lib\utils.js:12:21)
    at wrappedController (D:\blog\node_modules\@eggjs\router\lib\egg_router.js:322:18)
    at dispatch (D:\blog\node_modules\koa-compose\index.js:44:32)
    at next (D:\blog\node_modules\koa-compose\index.js:45:18)
    at D:\blog\node_modules\@eggjs\router\lib\router.js:190:18
    at dispatch (D:\blog\node_modules\koa-compose\index.js:44:32)
    at D:\blog\node_modules\koa-compose\index.js:36:12

pid: 11124
hostname: DESKTOP-R1VCF7F

2021-05-03 10:39:33,891 ERROR 11124 [-/127.0.0.1/-/1ms GET /] nodejs.TypeError: Cannot read property 'reverse' of undefined
    at HomeController.index (D:\blog\app\controller\home.js:9:13)
    at Object.callFn (D:\blog\node_modules\egg-core\lib\utils\index.js:44:21)
    at Object.classControllerMiddleware (D:\blog\node_modules\egg-core\lib\loader\mixin\controller.js:87:20)
    at Object.callFn (D:\blog\node_modules\@eggjs\router\lib\utils.js:12:21)
    at wrappedController (D:\blog\node_modules\@eggjs\router\lib\egg_router.js:322:18)
    at dispatch (D:\blog\node_modules\koa-compose\index.js:44:32)
    at next (D:\blog\node_modules\koa-compose\index.js:45:18)
    at D:\blog\node_modules\@eggjs\router\lib\router.js:190:18
    at dispatch (D:\blog\node_modules\koa-compose\index.js:44:32)
    at D:\blog\node_modules\koa-compose\index.js:36:12

pid: 11124
hostname: DESKTOP-R1VCF7F

2021-05-03 10:50:32,767 ERROR 12104 [-/127.0.0.1/-/4ms GET /] nodejs.ENOENTError: ENOENT: no such file or directory, open 'D:\blog\app\controller/../public/1/config.json'
    at Object.openSync (fs.js:476:3)
    at readFileSync (fs.js:377:35)
    at D:\blog\app\controller\home.js:20:13
    at HomeController.index (D:\blog\app\controller\home.js:36:9)
    at Object.callFn (D:\blog\node_modules\egg-core\lib\utils\index.js:44:21)
    at Object.classControllerMiddleware (D:\blog\node_modules\egg-core\lib\loader\mixin\controller.js:87:20)
    at Object.callFn (D:\blog\node_modules\@eggjs\router\lib\utils.js:12:21)
    at wrappedController (D:\blog\node_modules\@eggjs\router\lib\egg_router.js:322:18)
    at dispatch (D:\blog\node_modules\koa-compose\index.js:44:32)
    at next (D:\blog\node_modules\koa-compose\index.js:45:18)
errno: -4058
syscall: "open"
code: "ENOENT"
path: "D:\\blog\\app\\controller/../public/1/config.json"
name: "ENOENTError"
pid: 12104
hostname: DESKTOP-R1VCF7F

2021-05-03 10:50:57,265 ERROR 10996 [-/127.0.0.1/-/4ms GET /] nodejs.ENOENTError: ENOENT: no such file or directory, open 'D:\blog\app\controller/../public/1/config.json'
    at Object.openSync (fs.js:476:3)
    at readFileSync (fs.js:377:35)
    at D:\blog\app\controller\home.js:20:13
    at HomeController.index (D:\blog\app\controller\home.js:36:9)
    at Object.callFn (D:\blog\node_modules\egg-core\lib\utils\index.js:44:21)
    at Object.classControllerMiddleware (D:\blog\node_modules\egg-core\lib\loader\mixin\controller.js:87:20)
    at Object.callFn (D:\blog\node_modules\@eggjs\router\lib\utils.js:12:21)
    at wrappedController (D:\blog\node_modules\@eggjs\router\lib\egg_router.js:322:18)
    at dispatch (D:\blog\node_modules\koa-compose\index.js:44:32)
    at next (D:\blog\node_modules\koa-compose\index.js:45:18)
errno: -4058
syscall: "open"
code: "ENOENT"
path: "D:\\blog\\app\\controller/../public/1/config.json"
name: "ENOENTError"
pid: 10996
hostname: DESKTOP-R1VCF7F

2021-05-03 10:51:12,969 ERROR 10944 [-/127.0.0.1/-/4ms GET /] nodejs.ENOENTError: ENOENT: no such file or directory, open 'D:\blog\app\controller/../public/blog/1/config.json'
    at Object.openSync (fs.js:476:3)
    at readFileSync (fs.js:377:35)
    at D:\blog\app\controller\home.js:20:13
    at HomeController.index (D:\blog\app\controller\home.js:36:9)
    at Object.callFn (D:\blog\node_modules\egg-core\lib\utils\index.js:44:21)
    at Object.classControllerMiddleware (D:\blog\node_modules\egg-core\lib\loader\mixin\controller.js:87:20)
    at Object.callFn (D:\blog\node_modules\@eggjs\router\lib\utils.js:12:21)
    at wrappedController (D:\blog\node_modules\@eggjs\router\lib\egg_router.js:322:18)
    at dispatch (D:\blog\node_modules\koa-compose\index.js:44:32)
    at next (D:\blog\node_modules\koa-compose\index.js:45:18)
errno: -4058
syscall: "open"
code: "ENOENT"
path: "D:\\blog\\app\\controller/../public/blog/1/config.json"
name: "ENOENTError"
pid: 10944
hostname: DESKTOP-R1VCF7F

2021-05-03 10:51:18,625 ERROR 10944 [-/127.0.0.1/-/1ms GET /] nodejs.ENOENTError: ENOENT: no such file or directory, open 'D:\blog\app\controller/../public/blog/1/config.json'
    at Object.openSync (fs.js:476:3)
    at readFileSync (fs.js:377:35)
    at D:\blog\app\controller\home.js:20:13
    at HomeController.index (D:\blog\app\controller\home.js:36:9)
    at Object.callFn (D:\blog\node_modules\egg-core\lib\utils\index.js:44:21)
    at Object.classControllerMiddleware (D:\blog\node_modules\egg-core\lib\loader\mixin\controller.js:87:20)
    at Object.callFn (D:\blog\node_modules\@eggjs\router\lib\utils.js:12:21)
    at wrappedController (D:\blog\node_modules\@eggjs\router\lib\egg_router.js:322:18)
    at dispatch (D:\blog\node_modules\koa-compose\index.js:44:32)
    at next (D:\blog\node_modules\koa-compose\index.js:45:18)
errno: -4058
syscall: "open"
code: "ENOENT"
path: "D:\\blog\\app\\controller/../public/blog/1/config.json"
name: "ENOENTError"
pid: 10944
hostname: DESKTOP-R1VCF7F

2021-05-03 10:51:20,498 ERROR 13596 [-/127.0.0.1/-/5ms GET /] nodejs.ENOENTError: ENOENT: no such file or directory, open 'D:\blog\app\controller/../public/blogs/3/md.md'
    at Object.openSync (fs.js:476:3)
    at readFileSync (fs.js:377:35)
    at D:\blog\app\controller\home.js:22:22
    at HomeController.index (D:\blog\app\controller\home.js:36:9)
    at Object.callFn (D:\blog\node_modules\egg-core\lib\utils\index.js:44:21)
    at Object.classControllerMiddleware (D:\blog\node_modules\egg-core\lib\loader\mixin\controller.js:87:20)
    at Object.callFn (D:\blog\node_modules\@eggjs\router\lib\utils.js:12:21)
    at wrappedController (D:\blog\node_modules\@eggjs\router\lib\egg_router.js:322:18)
    at dispatch (D:\blog\node_modules\koa-compose\index.js:44:32)
    at next (D:\blog\node_modules\koa-compose\index.js:45:18)
errno: -4058
syscall: "open"
code: "ENOENT"
path: "D:\\blog\\app\\controller/../public/blogs/3/md.md"
name: "ENOENTError"
pid: 13596
hostname: DESKTOP-R1VCF7F

2021-05-03 10:51:31,577 ERROR 11892 [-/127.0.0.1/-/4ms GET /] nodejs.ENOENTError: ENOENT: no such file or directory, open 'D:\blog\app\controller/../public/blogs/0/md.md'
    at Object.openSync (fs.js:476:3)
    at readFileSync (fs.js:377:35)
    at D:\blog\app\controller\home.js:22:22
    at HomeController.index (D:\blog\app\controller\home.js:36:9)
    at Object.callFn (D:\blog\node_modules\egg-core\lib\utils\index.js:44:21)
    at Object.classControllerMiddleware (D:\blog\node_modules\egg-core\lib\loader\mixin\controller.js:87:20)
    at Object.callFn (D:\blog\node_modules\@eggjs\router\lib\utils.js:12:21)
    at wrappedController (D:\blog\node_modules\@eggjs\router\lib\egg_router.js:322:18)
    at dispatch (D:\blog\node_modules\koa-compose\index.js:44:32)
    at next (D:\blog\node_modules\koa-compose\index.js:45:18)
errno: -4058
syscall: "open"
code: "ENOENT"
path: "D:\\blog\\app\\controller/../public/blogs/0/md.md"
name: "ENOENTError"
pid: 11892
hostname: DESKTOP-R1VCF7F

2021-05-03 10:51:32,356 ERROR 11892 [-/127.0.0.1/-/1ms GET /] nodejs.ENOENTError: ENOENT: no such file or directory, open 'D:\blog\app\controller/../public/blogs/0/md.md'
    at Object.openSync (fs.js:476:3)
    at readFileSync (fs.js:377:35)
    at D:\blog\app\controller\home.js:22:22
    at HomeController.index (D:\blog\app\controller\home.js:36:9)
    at Object.callFn (D:\blog\node_modules\egg-core\lib\utils\index.js:44:21)
    at Object.classControllerMiddleware (D:\blog\node_modules\egg-core\lib\loader\mixin\controller.js:87:20)
    at Object.callFn (D:\blog\node_modules\@eggjs\router\lib\utils.js:12:21)
    at wrappedController (D:\blog\node_modules\@eggjs\router\lib\egg_router.js:322:18)
    at dispatch (D:\blog\node_modules\koa-compose\index.js:44:32)
    at next (D:\blog\node_modules\koa-compose\index.js:45:18)
errno: -4058
syscall: "open"
code: "ENOENT"
path: "D:\\blog\\app\\controller/../public/blogs/0/md.md"
name: "ENOENTError"
pid: 11892
hostname: DESKTOP-R1VCF7F

2021-05-03 10:51:33,843 ERROR 11892 [-/127.0.0.1/-/1ms GET /] nodejs.ENOENTError: ENOENT: no such file or directory, open 'D:\blog\app\controller/../public/blogs/0/md.md'
    at Object.openSync (fs.js:476:3)
    at readFileSync (fs.js:377:35)
    at D:\blog\app\controller\home.js:22:22
    at HomeController.index (D:\blog\app\controller\home.js:36:9)
    at Object.callFn (D:\blog\node_modules\egg-core\lib\utils\index.js:44:21)
    at Object.classControllerMiddleware (D:\blog\node_modules\egg-core\lib\loader\mixin\controller.js:87:20)
    at Object.callFn (D:\blog\node_modules\@eggjs\router\lib\utils.js:12:21)
    at wrappedController (D:\blog\node_modules\@eggjs\router\lib\egg_router.js:322:18)
    at dispatch (D:\blog\node_modules\koa-compose\index.js:44:32)
    at next (D:\blog\node_modules\koa-compose\index.js:45:18)
errno: -4058
syscall: "open"
code: "ENOENT"
path: "D:\\blog\\app\\controller/../public/blogs/0/md.md"
name: "ENOENTError"
pid: 11892
hostname: DESKTOP-R1VCF7F

2021-05-03 10:52:07,217 ERROR 6416 [-/127.0.0.1/-/5ms GET /] nodejs.ENOENTError: ENOENT: no such file or directory, open 'D:\blog\app\controller/../public/blogs/3/config.json'
    at Object.openSync (fs.js:476:3)
    at readFileSync (fs.js:377:35)
    at D:\blog\app\controller\home.js:21:13
    at HomeController.index (D:\blog\app\controller\home.js:37:9)
    at Object.callFn (D:\blog\node_modules\egg-core\lib\utils\index.js:44:21)
    at Object.classControllerMiddleware (D:\blog\node_modules\egg-core\lib\loader\mixin\controller.js:87:20)
    at Object.callFn (D:\blog\node_modules\@eggjs\router\lib\utils.js:12:21)
    at wrappedController (D:\blog\node_modules\@eggjs\router\lib\egg_router.js:322:18)
    at dispatch (D:\blog\node_modules\koa-compose\index.js:44:32)
    at next (D:\blog\node_modules\koa-compose\index.js:45:18)
errno: -4058
syscall: "open"
code: "ENOENT"
path: "D:\\blog\\app\\controller/../public/blogs/3/config.json"
name: "ENOENTError"
pid: 6416
hostname: DESKTOP-R1VCF7F

2021-05-03 10:52:08,130 ERROR 6416 [-/127.0.0.1/-/1ms GET /] nodejs.ENOENTError: ENOENT: no such file or directory, open 'D:\blog\app\controller/../public/blogs/3/config.json'
    at Object.openSync (fs.js:476:3)
    at readFileSync (fs.js:377:35)
    at D:\blog\app\controller\home.js:21:13
    at HomeController.index (D:\blog\app\controller\home.js:37:9)
    at Object.callFn (D:\blog\node_modules\egg-core\lib\utils\index.js:44:21)
    at Object.classControllerMiddleware (D:\blog\node_modules\egg-core\lib\loader\mixin\controller.js:87:20)
    at Object.callFn (D:\blog\node_modules\@eggjs\router\lib\utils.js:12:21)
    at wrappedController (D:\blog\node_modules\@eggjs\router\lib\egg_router.js:322:18)
    at dispatch (D:\blog\node_modules\koa-compose\index.js:44:32)
    at next (D:\blog\node_modules\koa-compose\index.js:45:18)
errno: -4058
syscall: "open"
code: "ENOENT"
path: "D:\\blog\\app\\controller/../public/blogs/3/config.json"
name: "ENOENTError"
pid: 6416
hostname: DESKTOP-R1VCF7F

2021-05-03 10:52:25,191 ERROR 17888 [-/127.0.0.1/-/4ms GET /] nodejs.SyntaxError: Unexpected token S in JSON at position 0
    at JSON.parse (<anonymous>)
    at HomeController.index (D:\blog\app\controller\home.js:43:21)
    at Object.callFn (D:\blog\node_modules\egg-core\lib\utils\index.js:44:21)
    at Object.classControllerMiddleware (D:\blog\node_modules\egg-core\lib\loader\mixin\controller.js:87:20)
    at Object.callFn (D:\blog\node_modules\@eggjs\router\lib\utils.js:12:21)
    at wrappedController (D:\blog\node_modules\@eggjs\router\lib\egg_router.js:322:18)
    at dispatch (D:\blog\node_modules\koa-compose\index.js:44:32)
    at next (D:\blog\node_modules\koa-compose\index.js:45:18)
    at D:\blog\node_modules\@eggjs\router\lib\router.js:190:18
    at dispatch (D:\blog\node_modules\koa-compose\index.js:44:32)

pid: 17888
hostname: DESKTOP-R1VCF7F

2021-05-03 10:52:44,640 ERROR 17888 [-/127.0.0.1/-/1ms GET /] nodejs.SyntaxError: Unexpected token S in JSON at position 0
    at JSON.parse (<anonymous>)
    at HomeController.index (D:\blog\app\controller\home.js:43:21)
    at Object.callFn (D:\blog\node_modules\egg-core\lib\utils\index.js:44:21)
    at Object.classControllerMiddleware (D:\blog\node_modules\egg-core\lib\loader\mixin\controller.js:87:20)
    at Object.callFn (D:\blog\node_modules\@eggjs\router\lib\utils.js:12:21)
    at wrappedController (D:\blog\node_modules\@eggjs\router\lib\egg_router.js:322:18)
    at dispatch (D:\blog\node_modules\koa-compose\index.js:44:32)
    at next (D:\blog\node_modules\koa-compose\index.js:45:18)
    at D:\blog\node_modules\@eggjs\router\lib\router.js:190:18
    at dispatch (D:\blog\node_modules\koa-compose\index.js:44:32)

pid: 17888
hostname: DESKTOP-R1VCF7F

2021-05-03 11:01:56,928 ERROR 5152 [-/127.0.0.1/-/5ms GET /] nodejs.TypeError: Cannot read property 'reverse' of undefined
    at HomeController.index (D:\blog\app\controller\home.js:9:11)
    at Object.callFn (D:\blog\node_modules\egg-core\lib\utils\index.js:44:21)
    at Object.classControllerMiddleware (D:\blog\node_modules\egg-core\lib\loader\mixin\controller.js:87:20)
    at Object.callFn (D:\blog\node_modules\@eggjs\router\lib\utils.js:12:21)
    at wrappedController (D:\blog\node_modules\@eggjs\router\lib\egg_router.js:322:18)
    at dispatch (D:\blog\node_modules\koa-compose\index.js:44:32)
    at next (D:\blog\node_modules\koa-compose\index.js:45:18)
    at D:\blog\node_modules\@eggjs\router\lib\router.js:190:18
    at dispatch (D:\blog\node_modules\koa-compose\index.js:44:32)
    at D:\blog\node_modules\koa-compose\index.js:36:12

pid: 5152
hostname: DESKTOP-R1VCF7F

2021-05-03 11:03:40,000 ERROR 9200 [-/127.0.0.1/-/4ms GET /] nodejs.TypeError: this.service.blog.findAllk is not a function
    at HomeController.index (D:\blog\app\controller\home.js:7:39)
    at Object.callFn (D:\blog\node_modules\egg-core\lib\utils\index.js:44:21)
    at Object.classControllerMiddleware (D:\blog\node_modules\egg-core\lib\loader\mixin\controller.js:87:20)
    at Object.callFn (D:\blog\node_modules\@eggjs\router\lib\utils.js:12:21)
    at wrappedController (D:\blog\node_modules\@eggjs\router\lib\egg_router.js:322:18)
    at dispatch (D:\blog\node_modules\koa-compose\index.js:44:32)
    at next (D:\blog\node_modules\koa-compose\index.js:45:18)
    at D:\blog\node_modules\@eggjs\router\lib\router.js:190:18
    at dispatch (D:\blog\node_modules\koa-compose\index.js:44:32)
    at D:\blog\node_modules\koa-compose\index.js:36:12

pid: 9200
hostname: DESKTOP-R1VCF7F

2021-05-03 11:03:43,409 ERROR 9200 [-/127.0.0.1/-/1ms GET /] nodejs.TypeError: this.service.blog.findAllk is not a function
    at HomeController.index (D:\blog\app\controller\home.js:7:39)
    at Object.callFn (D:\blog\node_modules\egg-core\lib\utils\index.js:44:21)
    at Object.classControllerMiddleware (D:\blog\node_modules\egg-core\lib\loader\mixin\controller.js:87:20)
    at Object.callFn (D:\blog\node_modules\@eggjs\router\lib\utils.js:12:21)
    at wrappedController (D:\blog\node_modules\@eggjs\router\lib\egg_router.js:322:18)
    at dispatch (D:\blog\node_modules\koa-compose\index.js:44:32)
    at next (D:\blog\node_modules\koa-compose\index.js:45:18)
    at D:\blog\node_modules\@eggjs\router\lib\router.js:190:18
    at dispatch (D:\blog\node_modules\koa-compose\index.js:44:32)
    at D:\blog\node_modules\koa-compose\index.js:36:12

pid: 9200
hostname: DESKTOP-R1VCF7F

2021-05-03 11:06:11,791 ERROR 8916 [-/127.0.0.1/-/4ms GET /] nodejs.ReferenceError: readFileSync is not defined
    at BlogService.findAll (D:\blog\app\service\blog.js:19:27)
    at HomeController.index (D:\blog\app\controller\home.js:7:39)
    at Object.callFn (D:\blog\node_modules\egg-core\lib\utils\index.js:44:21)
    at Object.classControllerMiddleware (D:\blog\node_modules\egg-core\lib\loader\mixin\controller.js:87:20)
    at Object.callFn (D:\blog\node_modules\@eggjs\router\lib\utils.js:12:21)
    at wrappedController (D:\blog\node_modules\@eggjs\router\lib\egg_router.js:322:18)
    at dispatch (D:\blog\node_modules\koa-compose\index.js:44:32)
    at next (D:\blog\node_modules\koa-compose\index.js:45:18)
    at D:\blog\node_modules\@eggjs\router\lib\router.js:190:18
    at dispatch (D:\blog\node_modules\koa-compose\index.js:44:32)

pid: 8916
hostname: DESKTOP-R1VCF7F

2021-05-03 11:11:46,718 ERROR 9976 [-/127.0.0.1/-/4ms GET /blog/2] nodejs.SyntaxError: Unexpected token  in JSON at position 0
    at JSON.parse (<anonymous>)
    at BlogController.index (D:\blog\app\controller\blog.js:11:27)
    at processTicksAndRejections (internal/process/task_queues.js:93:5)

pid: 9976
hostname: DESKTOP-R1VCF7F

2021-05-03 19:55:39,445 INFO 13112 [-/127.0.0.1/-/4ms GET /search?s=idne&_csrf=CFN93dpO-WvdJY7GspDO0cdCyNdjIX-iQgo0] Mon May 03 2021 19:55:39 GMT+0800 () http://127.0.0.1:7001/search?s=idne&_csrf=CFN93dpO-WvdJY7GspDO0cdCyNdjIX-iQgo0
2021-05-03 19:55:39,999 INFO 13112 [-/127.0.0.1/-/1ms GET /search?s=idne&_csrf=CFN93dpO-WvdJY7GspDO0cdCyNdjIX-iQgo0] Mon May 03 2021 19:55:39 GMT+0800 () http://127.0.0.1:7001/search?s=idne&_csrf=CFN93dpO-WvdJY7GspDO0cdCyNdjIX-iQgo0
2021-05-03 19:55:44,607 INFO 13112 [-/127.0.0.1/-/1ms GET /search?s=idne&_csrf=CFN93dpO-WvdJY7GspDO0cdCyNdjIX-iQgo0] Mon May 03 2021 19:55:44 GMT+0800 () http://127.0.0.1:7001/search?s=idne&_csrf=CFN93dpO-WvdJY7GspDO0cdCyNdjIX-iQgo0
2021-05-03 19:55:46,288 INFO 13112 [-/127.0.0.1/-/1ms GET /search?s=idne&_csrf=CFN93dpO-WvdJY7GspDO0cdCyNdjIX-iQgo0] Mon May 03 2021 19:55:46 GMT+0800 () http://127.0.0.1:7001/search?s=idne&_csrf=CFN93dpO-WvdJY7GspDO0cdCyNdjIX-iQgo0
2021-05-03 20:26:01,827 ERROR 7224 [-/127.0.0.1/-/8ms GET /search?s=index&_csrf=UWjEAL7L-5TQA4D9w7pN_W5rCjfkjI5ZDtKA] nodejs.TypeError: Cannot use 'in' operator to search for 'undefined' in 
    at BlogService.search (D:\blog\app\service\blog.js:71:13)
    at processTicksAndRejections (internal/process/task_queues.js:93:5)
    at async HomeController.index (D:\blog\app\controller\search.js:9:17)
    at async D:\blog\node_modules\egg-development\app\middleware\egg_loader_trace.js:9:50
    at async xframe (D:\blog\node_modules\egg-security\lib\middlewares\xframe.js:7:5)
    at async xssProtection (D:\blog\node_modules\egg-security\lib\middlewares\xssProtection.js:7:5)
    at async nosniff (D:\blog\node_modules\egg-security\lib\middlewares\nosniff.js:8:5)
    at async noopen (D:\blog\node_modules\egg-security\lib\middlewares\noopen.js:8:5)
    at async session (D:\blog\node_modules\koa-session\index.js:41:7)
    at async bodyParser (D:\blog\node_modules\koa-bodyparser\index.js:95:5)

pid: 7224
hostname: DESKTOP-R1VCF7F

2021-05-03 20:31:14,194 ERROR 17180 [-/127.0.0.1/-/6ms GET /search?s=index&_csrf=UWjEAL7L-5TQA4D9w7pN_W5rCjfkjI5ZDtKA] nodejs.TypeError: Cannot use 'in' operator to search for 'index' in 
    at BlogService.search (D:\blog\app\service\blog.js:71:13)
    at processTicksAndRejections (internal/process/task_queues.js:93:5)
    at async HomeController.index (D:\blog\app\controller\search.js:10:7)
    at async D:\blog\node_modules\egg-development\app\middleware\egg_loader_trace.js:9:50
    at async xframe (D:\blog\node_modules\egg-security\lib\middlewares\xframe.js:7:5)
    at async xssProtection (D:\blog\node_modules\egg-security\lib\middlewares\xssProtection.js:7:5)
    at async nosniff (D:\blog\node_modules\egg-security\lib\middlewares\nosniff.js:8:5)
    at async noopen (D:\blog\node_modules\egg-security\lib\middlewares\noopen.js:8:5)
    at async session (D:\blog\node_modules\koa-session\index.js:41:7)
    at async bodyParser (D:\blog\node_modules\koa-bodyparser\index.js:95:5)

pid: 17180
hostname: DESKTOP-R1VCF7F

2021-05-03 20:52:48,601 ERROR 6168 [-/127.0.0.1/-/8ms GET /search?s=index&_csrf=UWjEAL7L-5TQA4D9w7pN_W5rCjfkjI5ZDtKA] nodejs.TypeError: Cannot use 'in' operator to search for 'index' in 
    at BlogService.search (D:\blog\app\service\blog.js:71:13)
    at processTicksAndRejections (internal/process/task_queues.js:93:5)
    at async HomeController.index (D:\blog\app\controller\search.js:10:7)
    at async D:\blog\node_modules\egg-development\app\middleware\egg_loader_trace.js:9:50
    at async xframe (D:\blog\node_modules\egg-security\lib\middlewares\xframe.js:7:5)
    at async xssProtection (D:\blog\node_modules\egg-security\lib\middlewares\xssProtection.js:7:5)
    at async nosniff (D:\blog\node_modules\egg-security\lib\middlewares\nosniff.js:8:5)
    at async noopen (D:\blog\node_modules\egg-security\lib\middlewares\noopen.js:8:5)
    at async session (D:\blog\node_modules\koa-session\index.js:41:7)
    at async bodyParser (D:\blog\node_modules\koa-bodyparser\index.js:95:5)

pid: 6168
hostname: DESKTOP-R1VCF7F

2021-05-03 20:52:50,590 ERROR 10212 [-/127.0.0.1/-/6ms GET /search?s=index&_csrf=UWjEAL7L-5TQA4D9w7pN_W5rCjfkjI5ZDtKA] nodejs.TypeError: Cannot use 'in' operator to search for 'index' in 
    at BlogService.search (D:\blog\app\service\blog.js:71:13)
    at processTicksAndRejections (internal/process/task_queues.js:93:5)
    at async HomeController.index (D:\blog\app\controller\search.js:10:7)
    at async D:\blog\node_modules\egg-development\app\middleware\egg_loader_trace.js:9:50
    at async xframe (D:\blog\node_modules\egg-security\lib\middlewares\xframe.js:7:5)
    at async xssProtection (D:\blog\node_modules\egg-security\lib\middlewares\xssProtection.js:7:5)
    at async nosniff (D:\blog\node_modules\egg-security\lib\middlewares\nosniff.js:8:5)
    at async noopen (D:\blog\node_modules\egg-security\lib\middlewares\noopen.js:8:5)
    at async session (D:\blog\node_modules\koa-session\index.js:41:7)
    at async bodyParser (D:\blog\node_modules\koa-bodyparser\index.js:95:5)

pid: 10212
hostname: DESKTOP-R1VCF7F

2021-05-03 20:53:02,017 ERROR 10212 [-/127.0.0.1/-/3ms GET /search?s=index&_csrf=UWjEAL7L-5TQA4D9w7pN_W5rCjfkjI5ZDtKA] nodejs.TypeError: Cannot use 'in' operator to search for 'index' in 
    at BlogService.search (D:\blog\app\service\blog.js:71:13)
    at processTicksAndRejections (internal/process/task_queues.js:93:5)
    at async HomeController.index (D:\blog\app\controller\search.js:10:7)
    at async D:\blog\node_modules\egg-development\app\middleware\egg_loader_trace.js:9:50
    at async xframe (D:\blog\node_modules\egg-security\lib\middlewares\xframe.js:7:5)
    at async xssProtection (D:\blog\node_modules\egg-security\lib\middlewares\xssProtection.js:7:5)
    at async nosniff (D:\blog\node_modules\egg-security\lib\middlewares\nosniff.js:8:5)
    at async noopen (D:\blog\node_modules\egg-security\lib\middlewares\noopen.js:8:5)
    at async session (D:\blog\node_modules\koa-session\index.js:41:7)
    at async bodyParser (D:\blog\node_modules\koa-bodyparser\index.js:95:5)

pid: 10212
hostname: DESKTOP-R1VCF7F

2021-05-03 20:53:02,599 ERROR 10212 [-/127.0.0.1/-/2ms GET /search?s=index&_csrf=UWjEAL7L-5TQA4D9w7pN_W5rCjfkjI5ZDtKA] nodejs.TypeError: Cannot use 'in' operator to search for 'index' in 
    at BlogService.search (D:\blog\app\service\blog.js:71:13)
    at processTicksAndRejections (internal/process/task_queues.js:93:5)
    at async HomeController.index (D:\blog\app\controller\search.js:10:7)
    at async D:\blog\node_modules\egg-development\app\middleware\egg_loader_trace.js:9:50
    at async xframe (D:\blog\node_modules\egg-security\lib\middlewares\xframe.js:7:5)
    at async xssProtection (D:\blog\node_modules\egg-security\lib\middlewares\xssProtection.js:7:5)
    at async nosniff (D:\blog\node_modules\egg-security\lib\middlewares\nosniff.js:8:5)
    at async noopen (D:\blog\node_modules\egg-security\lib\middlewares\noopen.js:8:5)
    at async session (D:\blog\node_modules\koa-session\index.js:41:7)
    at async bodyParser (D:\blog\node_modules\koa-bodyparser\index.js:95:5)

pid: 10212
hostname: DESKTOP-R1VCF7F

2021-05-03 20:53:45,038 ERROR 9248 [-/127.0.0.1/-/5ms GET /search?s=index&_csrf=UWjEAL7L-5TQA4D9w7pN_W5rCjfkjI5ZDtKA] nodejs.TypeError: Cannot use 'in' operator to search for 'index' in 
    at BlogService.search (D:\blog\app\service\blog.js:71:13)
    at processTicksAndRejections (internal/process/task_queues.js:93:5)
    at async HomeController.index (D:\blog\app\controller\search.js:10:7)
    at async D:\blog\node_modules\egg-development\app\middleware\egg_loader_trace.js:9:50
    at async xframe (D:\blog\node_modules\egg-security\lib\middlewares\xframe.js:7:5)
    at async xssProtection (D:\blog\node_modules\egg-security\lib\middlewares\xssProtection.js:7:5)
    at async nosniff (D:\blog\node_modules\egg-security\lib\middlewares\nosniff.js:8:5)
    at async noopen (D:\blog\node_modules\egg-security\lib\middlewares\noopen.js:8:5)
    at async session (D:\blog\node_modules\koa-session\index.js:41:7)
    at async bodyParser (D:\blog\node_modules\koa-bodyparser\index.js:95:5)

pid: 9248
hostname: DESKTOP-R1VCF7F

2021-05-03 20:54:29,239 ERROR 9248 [-/127.0.0.1/-/3ms GET /search?s=index&_csrf=UWjEAL7L-5TQA4D9w7pN_W5rCjfkjI5ZDtKA] nodejs.TypeError: Cannot use 'in' operator to search for 'index' in 
    at BlogService.search (D:\blog\app\service\blog.js:71:13)
    at processTicksAndRejections (internal/process/task_queues.js:93:5)
    at async HomeController.index (D:\blog\app\controller\search.js:10:7)
    at async D:\blog\node_modules\egg-development\app\middleware\egg_loader_trace.js:9:50
    at async xframe (D:\blog\node_modules\egg-security\lib\middlewares\xframe.js:7:5)
    at async xssProtection (D:\blog\node_modules\egg-security\lib\middlewares\xssProtection.js:7:5)
    at async nosniff (D:\blog\node_modules\egg-security\lib\middlewares\nosniff.js:8:5)
    at async noopen (D:\blog\node_modules\egg-security\lib\middlewares\noopen.js:8:5)
    at async session (D:\blog\node_modules\koa-session\index.js:41:7)
    at async bodyParser (D:\blog\node_modules\koa-bodyparser\index.js:95:5)

pid: 9248
hostname: DESKTOP-R1VCF7F

2021-05-03 20:54:29,678 ERROR 9248 [-/127.0.0.1/-/1ms GET /search?s=index&_csrf=UWjEAL7L-5TQA4D9w7pN_W5rCjfkjI5ZDtKA] nodejs.TypeError: Cannot use 'in' operator to search for 'index' in 
    at BlogService.search (D:\blog\app\service\blog.js:71:13)
    at processTicksAndRejections (internal/process/task_queues.js:93:5)
    at async HomeController.index (D:\blog\app\controller\search.js:10:7)
    at async D:\blog\node_modules\egg-development\app\middleware\egg_loader_trace.js:9:50
    at async xframe (D:\blog\node_modules\egg-security\lib\middlewares\xframe.js:7:5)
    at async xssProtection (D:\blog\node_modules\egg-security\lib\middlewares\xssProtection.js:7:5)
    at async nosniff (D:\blog\node_modules\egg-security\lib\middlewares\nosniff.js:8:5)
    at async noopen (D:\blog\node_modules\egg-security\lib\middlewares\noopen.js:8:5)
    at async session (D:\blog\node_modules\koa-session\index.js:41:7)
    at async bodyParser (D:\blog\node_modules\koa-bodyparser\index.js:95:5)

pid: 9248
hostname: DESKTOP-R1VCF7F

2021-05-03 21:14:38,950 ERROR 15312 [-/127.0.0.1/-/5ms GET /search?s=SASS&_csrf=MfFjUyWw-Gpxx0W2pxuqyCDacg9tpB7HbCso] nodejs.TypeError: blog.match is not a function
    at BlogService.search (D:\blog\app\service\blog.js:71:12)
    at processTicksAndRejections (internal/process/task_queues.js:93:5)
    at async HomeController.index (D:\blog\app\controller\search.js:10:7)
    at async D:\blog\node_modules\egg-development\app\middleware\egg_loader_trace.js:9:50
    at async xframe (D:\blog\node_modules\egg-security\lib\middlewares\xframe.js:7:5)
    at async xssProtection (D:\blog\node_modules\egg-security\lib\middlewares\xssProtection.js:7:5)
    at async nosniff (D:\blog\node_modules\egg-security\lib\middlewares\nosniff.js:8:5)
    at async noopen (D:\blog\node_modules\egg-security\lib\middlewares\noopen.js:8:5)
    at async session (D:\blog\node_modules\koa-session\index.js:41:7)
    at async bodyParser (D:\blog\node_modules\koa-bodyparser\index.js:95:5)

pid: 15312
hostname: DESKTOP-R1VCF7F

2021-05-03 21:26:12,404 ERROR 9472 [-/127.0.0.1/-/5ms GET /search] nodejs.TypeError: Cannot read property 'toLowerCase' of null
    at BlogService.search (D:\blog\app\service\blog.js:71:44)
    at processTicksAndRejections (internal/process/task_queues.js:93:5)
    at async HomeController.index (D:\blog\app\controller\search.js:6:14)

pid: 9472
hostname: DESKTOP-R1VCF7F

2021-05-04 10:10:56,090 ERROR 10920 [-/127.0.0.1/-/4ms GET /] nodejs.Error: Please set config.keys first
    at Application.get keys [as keys] (D:\blog\node_modules\egg\lib\application.js:266:15)
    at Object.get cookies [as cookies] (D:\blog\node_modules\egg\app\extend\context.js:22:66)
    at Object.get [egg-security#CSRF_SECRET] (D:\blog\node_modules\egg-security\app\extend\context.js:91:35)
    at Object.ensureCsrfSecret (D:\blog\node_modules\egg-security\app\extend\context.js:104:13)
    at csrf (D:\blog\node_modules\egg-security\lib\middlewares\csrf.js:15:11)
    at dispatch (D:\blog\node_modules\egg-security\node_modules\koa-compose\index.js:42:32)
    at D:\blog\node_modules\egg-security\node_modules\koa-compose\index.js:34:12
    at dispatch (D:\blog\node_modules\koa\node_modules\koa-compose\index.js:42:32)
    at session (D:\blog\node_modules\koa-session\index.js:41:13)
    at dispatch (D:\blog\node_modules\koa\node_modules\koa-compose\index.js:42:32)

pid: 10920
hostname: DESKTOP-R1VCF7F

2021-05-04 10:16:34,853 ERROR 14076 [-/127.0.0.1/-/4ms GET /] nodejs.Error: Please set config.keys first
    at Application.get keys [as keys] (D:\blog\node_modules\egg\lib\application.js:266:15)
    at Object.get cookies [as cookies] (D:\blog\node_modules\egg\app\extend\context.js:22:66)
    at Object.get [egg-security#CSRF_SECRET] (D:\blog\node_modules\egg-security\app\extend\context.js:91:35)
    at Object.ensureCsrfSecret (D:\blog\node_modules\egg-security\app\extend\context.js:104:13)
    at csrf (D:\blog\node_modules\egg-security\lib\middlewares\csrf.js:15:11)
    at dispatch (D:\blog\node_modules\egg-security\node_modules\koa-compose\index.js:42:32)
    at D:\blog\node_modules\egg-security\node_modules\koa-compose\index.js:34:12
    at dispatch (D:\blog\node_modules\koa\node_modules\koa-compose\index.js:42:32)
    at session (D:\blog\node_modules\koa-session\index.js:41:13)
    at dispatch (D:\blog\node_modules\koa\node_modules\koa-compose\index.js:42:32)

pid: 14076
hostname: DESKTOP-R1VCF7F

2021-05-04 10:16:51,155 ERROR 17640 [-/127.0.0.1/-/4ms GET /] nodejs.Error: Please set config.keys first
    at Application.get keys [as keys] (D:\blog\node_modules\egg\lib\application.js:266:15)
    at Object.get cookies [as cookies] (D:\blog\node_modules\egg\app\extend\context.js:22:66)
    at Object.get [egg-security#CSRF_SECRET] (D:\blog\node_modules\egg-security\app\extend\context.js:91:35)
    at Object.ensureCsrfSecret (D:\blog\node_modules\egg-security\app\extend\context.js:104:13)
    at csrf (D:\blog\node_modules\egg-security\lib\middlewares\csrf.js:15:11)
    at dispatch (D:\blog\node_modules\egg-security\node_modules\koa-compose\index.js:42:32)
    at D:\blog\node_modules\egg-security\node_modules\koa-compose\index.js:34:12
    at dispatch (D:\blog\node_modules\koa\node_modules\koa-compose\index.js:42:32)
    at session (D:\blog\node_modules\koa-session\index.js:41:13)
    at dispatch (D:\blog\node_modules\koa\node_modules\koa-compose\index.js:42:32)

pid: 17640
hostname: DESKTOP-R1VCF7F

2021-05-04 10:16:51,703 ERROR 17640 [-/127.0.0.1/-/2ms GET /] nodejs.Error: Please set config.keys first
    at Application.get keys [as keys] (D:\blog\node_modules\egg\lib\application.js:266:15)
    at Object.get cookies [as cookies] (D:\blog\node_modules\egg\app\extend\context.js:22:66)
    at Object.get [egg-security#CSRF_SECRET] (D:\blog\node_modules\egg-security\app\extend\context.js:91:35)
    at Object.ensureCsrfSecret (D:\blog\node_modules\egg-security\app\extend\context.js:104:13)
    at csrf (D:\blog\node_modules\egg-security\lib\middlewares\csrf.js:15:11)
    at dispatch (D:\blog\node_modules\egg-security\node_modules\koa-compose\index.js:42:32)
    at D:\blog\node_modules\egg-security\node_modules\koa-compose\index.js:34:12
    at dispatch (D:\blog\node_modules\koa\node_modules\koa-compose\index.js:42:32)
    at session (D:\blog\node_modules\koa-session\index.js:41:13)
    at dispatch (D:\blog\node_modules\koa\node_modules\koa-compose\index.js:42:32)

pid: 17640
hostname: DESKTOP-R1VCF7F

2021-05-04 10:16:52,846 ERROR 17640 [-/127.0.0.1/-/2ms GET /] nodejs.Error: Please set config.keys first
    at Application.get keys [as keys] (D:\blog\node_modules\egg\lib\application.js:266:15)
    at Object.get cookies [as cookies] (D:\blog\node_modules\egg\app\extend\context.js:22:66)
    at Object.get [egg-security#CSRF_SECRET] (D:\blog\node_modules\egg-security\app\extend\context.js:91:35)
    at Object.ensureCsrfSecret (D:\blog\node_modules\egg-security\app\extend\context.js:104:13)
    at csrf (D:\blog\node_modules\egg-security\lib\middlewares\csrf.js:15:11)
    at dispatch (D:\blog\node_modules\egg-security\node_modules\koa-compose\index.js:42:32)
    at D:\blog\node_modules\egg-security\node_modules\koa-compose\index.js:34:12
    at dispatch (D:\blog\node_modules\koa\node_modules\koa-compose\index.js:42:32)
    at session (D:\blog\node_modules\koa-session\index.js:41:13)
    at dispatch (D:\blog\node_modules\koa\node_modules\koa-compose\index.js:42:32)

pid: 17640
hostname: DESKTOP-R1VCF7F

2021-05-04 10:18:17,424 ERROR 17640 [-/127.0.0.1/-/1ms GET /] nodejs.Error: Please set config.keys first
    at Application.get keys [as keys] (D:\blog\node_modules\egg\lib\application.js:266:15)
    at Object.get cookies [as cookies] (D:\blog\node_modules\egg\app\extend\context.js:22:66)
    at Object.get [egg-security#CSRF_SECRET] (D:\blog\node_modules\egg-security\app\extend\context.js:91:35)
    at Object.ensureCsrfSecret (D:\blog\node_modules\egg-security\app\extend\context.js:104:13)
    at csrf (D:\blog\node_modules\egg-security\lib\middlewares\csrf.js:15:11)
    at dispatch (D:\blog\node_modules\egg-security\node_modules\koa-compose\index.js:42:32)
    at D:\blog\node_modules\egg-security\node_modules\koa-compose\index.js:34:12
    at dispatch (D:\blog\node_modules\koa\node_modules\koa-compose\index.js:42:32)
    at session (D:\blog\node_modules\koa-session\index.js:41:13)
    at dispatch (D:\blog\node_modules\koa\node_modules\koa-compose\index.js:42:32)

pid: 17640
hostname: DESKTOP-R1VCF7F

2021-05-04 10:18:18,087 ERROR 17640 [-/127.0.0.1/-/2ms GET /] nodejs.Error: Please set config.keys first
    at Application.get keys [as keys] (D:\blog\node_modules\egg\lib\application.js:266:15)
    at Object.get cookies [as cookies] (D:\blog\node_modules\egg\app\extend\context.js:22:66)
    at Object.get [egg-security#CSRF_SECRET] (D:\blog\node_modules\egg-security\app\extend\context.js:91:35)
    at Object.ensureCsrfSecret (D:\blog\node_modules\egg-security\app\extend\context.js:104:13)
    at csrf (D:\blog\node_modules\egg-security\lib\middlewares\csrf.js:15:11)
    at dispatch (D:\blog\node_modules\egg-security\node_modules\koa-compose\index.js:42:32)
    at D:\blog\node_modules\egg-security\node_modules\koa-compose\index.js:34:12
    at dispatch (D:\blog\node_modules\koa\node_modules\koa-compose\index.js:42:32)
    at session (D:\blog\node_modules\koa-session\index.js:41:13)
    at dispatch (D:\blog\node_modules\koa\node_modules\koa-compose\index.js:42:32)

pid: 17640
hostname: DESKTOP-R1VCF7F

2021-05-04 10:18:18,526 ERROR 17640 [-/127.0.0.1/-/2ms GET /] nodejs.Error: Please set config.keys first
    at Application.get keys [as keys] (D:\blog\node_modules\egg\lib\application.js:266:15)
    at Object.get cookies [as cookies] (D:\blog\node_modules\egg\app\extend\context.js:22:66)
    at Object.get [egg-security#CSRF_SECRET] (D:\blog\node_modules\egg-security\app\extend\context.js:91:35)
    at Object.ensureCsrfSecret (D:\blog\node_modules\egg-security\app\extend\context.js:104:13)
    at csrf (D:\blog\node_modules\egg-security\lib\middlewares\csrf.js:15:11)
    at dispatch (D:\blog\node_modules\egg-security\node_modules\koa-compose\index.js:42:32)
    at D:\blog\node_modules\egg-security\node_modules\koa-compose\index.js:34:12
    at dispatch (D:\blog\node_modules\koa\node_modules\koa-compose\index.js:42:32)
    at session (D:\blog\node_modules\koa-session\index.js:41:13)
    at dispatch (D:\blog\node_modules\koa\node_modules\koa-compose\index.js:42:32)

pid: 17640
hostname: DESKTOP-R1VCF7F

2021-05-04 10:18:19,542 ERROR 17640 [-/127.0.0.1/-/2ms GET /] nodejs.Error: Please set config.keys first
    at Application.get keys [as keys] (D:\blog\node_modules\egg\lib\application.js:266:15)
    at Object.get cookies [as cookies] (D:\blog\node_modules\egg\app\extend\context.js:22:66)
    at Object.get [egg-security#CSRF_SECRET] (D:\blog\node_modules\egg-security\app\extend\context.js:91:35)
    at Object.ensureCsrfSecret (D:\blog\node_modules\egg-security\app\extend\context.js:104:13)
    at csrf (D:\blog\node_modules\egg-security\lib\middlewares\csrf.js:15:11)
    at dispatch (D:\blog\node_modules\egg-security\node_modules\koa-compose\index.js:42:32)
    at D:\blog\node_modules\egg-security\node_modules\koa-compose\index.js:34:12
    at dispatch (D:\blog\node_modules\koa\node_modules\koa-compose\index.js:42:32)
    at session (D:\blog\node_modules\koa-session\index.js:41:13)
    at dispatch (D:\blog\node_modules\koa\node_modules\koa-compose\index.js:42:32)

pid: 17640
hostname: DESKTOP-R1VCF7F

2021-05-14 18:33:34,109 ERROR 2696 [-/::1/-/23ms GET /search?s=csss&_csrf=cqrmYNwz-s82giHEiWRiGZ9GbVI6W0tpOLtM] nodejs.Template render error: (D:\blog\app\view\search\index.html) [Line 42, Column 40]
  Error: Unable to call `blog["date"]["getFullYear"]`, which is undefined or falsey
  Error: Unable to call `blog["date"]["getFullYear"]`, which is undefined or falsey
    at Object._prettifyError (D:\blog\node_modules\egg-view-nunjucks\node_modules\nunjucks\src\lib.js:36:11)
    at D:\blog\node_modules\egg-view-nunjucks\node_modules\nunjucks\src\environment.js:563:19
    at Template.root [as rootRenderFunc] (eval at _compile (D:\blog\node_modules\egg-view-nunjucks\node_modules\nunjucks\src\environment.js:633:18), <anonymous>:80:3)
    at Template.render (D:\blog\node_modules\egg-view-nunjucks\node_modules\nunjucks\src\environment.js:552:10)
    at D:\blog\node_modules\egg-view-nunjucks\node_modules\nunjucks\src\environment.js:366:27
    at createTemplate (D:\blog\node_modules\egg-view-nunjucks\node_modules\nunjucks\src\environment.js:315:9)
    at handle (D:\blog\node_modules\egg-view-nunjucks\node_modules\nunjucks\src\environment.js:327:11)
    at D:\blog\node_modules\egg-view-nunjucks\node_modules\nunjucks\src\environment.js:339:9
    at next (D:\blog\node_modules\egg-view-nunjucks\node_modules\nunjucks\src\lib.js:328:7)
    at Object.asyncIter (D:\blog\node_modules\egg-view-nunjucks\node_modules\nunjucks\src\lib.js:334:3)
name: "Template render error"
pid: 2696
hostname: DESKTOP-R1VCF7F

2021-05-14 18:33:36,657 ERROR 2696 [-/::1/-/5ms GET /search?s=csss&_csrf=cqrmYNwz-s82giHEiWRiGZ9GbVI6W0tpOLtM] nodejs.Template render error: (D:\blog\app\view\search\index.html) [Line 42, Column 40]
  Error: Unable to call `blog["date"]["getFullYear"]`, which is undefined or falsey
  Error: Unable to call `blog["date"]["getFullYear"]`, which is undefined or falsey
    at Object._prettifyError (D:\blog\node_modules\egg-view-nunjucks\node_modules\nunjucks\src\lib.js:36:11)
    at D:\blog\node_modules\egg-view-nunjucks\node_modules\nunjucks\src\environment.js:563:19
    at Template.root [as rootRenderFunc] (eval at _compile (D:\blog\node_modules\egg-view-nunjucks\node_modules\nunjucks\src\environment.js:633:18), <anonymous>:80:3)
    at Template.render (D:\blog\node_modules\egg-view-nunjucks\node_modules\nunjucks\src\environment.js:552:10)
    at D:\blog\node_modules\egg-view-nunjucks\node_modules\nunjucks\src\environment.js:366:27
    at createTemplate (D:\blog\node_modules\egg-view-nunjucks\node_modules\nunjucks\src\environment.js:315:9)
    at handle (D:\blog\node_modules\egg-view-nunjucks\node_modules\nunjucks\src\environment.js:327:11)
    at D:\blog\node_modules\egg-view-nunjucks\node_modules\nunjucks\src\environment.js:339:9
    at next (D:\blog\node_modules\egg-view-nunjucks\node_modules\nunjucks\src\lib.js:328:7)
    at Object.asyncIter (D:\blog\node_modules\egg-view-nunjucks\node_modules\nunjucks\src\lib.js:334:3)
name: "Template render error"
pid: 2696
hostname: DESKTOP-R1VCF7F

2021-05-14 18:33:37,232 ERROR 2696 [-/::1/-/4ms GET /search?s=csss&_csrf=cqrmYNwz-s82giHEiWRiGZ9GbVI6W0tpOLtM] nodejs.Template render error: (D:\blog\app\view\search\index.html) [Line 42, Column 40]
  Error: Unable to call `blog["date"]["getFullYear"]`, which is undefined or falsey
  Error: Unable to call `blog["date"]["getFullYear"]`, which is undefined or falsey
    at Object._prettifyError (D:\blog\node_modules\egg-view-nunjucks\node_modules\nunjucks\src\lib.js:36:11)
    at D:\blog\node_modules\egg-view-nunjucks\node_modules\nunjucks\src\environment.js:563:19
    at Template.root [as rootRenderFunc] (eval at _compile (D:\blog\node_modules\egg-view-nunjucks\node_modules\nunjucks\src\environment.js:633:18), <anonymous>:80:3)
    at Template.render (D:\blog\node_modules\egg-view-nunjucks\node_modules\nunjucks\src\environment.js:552:10)
    at D:\blog\node_modules\egg-view-nunjucks\node_modules\nunjucks\src\environment.js:366:27
    at createTemplate (D:\blog\node_modules\egg-view-nunjucks\node_modules\nunjucks\src\environment.js:315:9)
    at handle (D:\blog\node_modules\egg-view-nunjucks\node_modules\nunjucks\src\environment.js:327:11)
    at D:\blog\node_modules\egg-view-nunjucks\node_modules\nunjucks\src\environment.js:339:9
    at next (D:\blog\node_modules\egg-view-nunjucks\node_modules\nunjucks\src\lib.js:328:7)
    at Object.asyncIter (D:\blog\node_modules\egg-view-nunjucks\node_modules\nunjucks\src\lib.js:334:3)
name: "Template render error"
pid: 2696
hostname: DESKTOP-R1VCF7F

2021-05-14 18:34:17,789 ERROR 8392 [-/::1/-/17ms GET /search?s=csss&_csrf=cqrmYNwz-s82giHEiWRiGZ9GbVI6W0tpOLtM] nodejs.Template render error: (D:\blog\app\view\search\index.html) [Line 42, Column 40]
  Error: Unable to call `blog["date"]["getFullYear"]`, which is undefined or falsey
  Error: Unable to call `blog["date"]["getFullYear"]`, which is undefined or falsey
    at Object._prettifyError (D:\blog\node_modules\egg-view-nunjucks\node_modules\nunjucks\src\lib.js:36:11)
    at D:\blog\node_modules\egg-view-nunjucks\node_modules\nunjucks\src\environment.js:563:19
    at Template.root [as rootRenderFunc] (eval at _compile (D:\blog\node_modules\egg-view-nunjucks\node_modules\nunjucks\src\environment.js:633:18), <anonymous>:80:3)
    at Template.render (D:\blog\node_modules\egg-view-nunjucks\node_modules\nunjucks\src\environment.js:552:10)
    at D:\blog\node_modules\egg-view-nunjucks\node_modules\nunjucks\src\environment.js:366:27
    at createTemplate (D:\blog\node_modules\egg-view-nunjucks\node_modules\nunjucks\src\environment.js:315:9)
    at handle (D:\blog\node_modules\egg-view-nunjucks\node_modules\nunjucks\src\environment.js:327:11)
    at D:\blog\node_modules\egg-view-nunjucks\node_modules\nunjucks\src\environment.js:339:9
    at next (D:\blog\node_modules\egg-view-nunjucks\node_modules\nunjucks\src\lib.js:328:7)
    at Object.asyncIter (D:\blog\node_modules\egg-view-nunjucks\node_modules\nunjucks\src\lib.js:334:3)
name: "Template render error"
pid: 8392
hostname: DESKTOP-R1VCF7F

2021-05-14 18:34:25,807 ERROR 8392 [-/::1/-/5ms GET /search?s=csss&_csrf=cqrmYNwz-s82giHEiWRiGZ9GbVI6W0tpOLtM] nodejs.Template render error: (D:\blog\app\view\search\index.html) [Line 42, Column 40]
  Error: Unable to call `blog["date"]["getFullYear"]`, which is undefined or falsey
  Error: Unable to call `blog["date"]["getFullYear"]`, which is undefined or falsey
    at Object._prettifyError (D:\blog\node_modules\egg-view-nunjucks\node_modules\nunjucks\src\lib.js:36:11)
    at D:\blog\node_modules\egg-view-nunjucks\node_modules\nunjucks\src\environment.js:563:19
    at Template.root [as rootRenderFunc] (eval at _compile (D:\blog\node_modules\egg-view-nunjucks\node_modules\nunjucks\src\environment.js:633:18), <anonymous>:80:3)
    at Template.render (D:\blog\node_modules\egg-view-nunjucks\node_modules\nunjucks\src\environment.js:552:10)
    at D:\blog\node_modules\egg-view-nunjucks\node_modules\nunjucks\src\environment.js:366:27
    at createTemplate (D:\blog\node_modules\egg-view-nunjucks\node_modules\nunjucks\src\environment.js:315:9)
    at handle (D:\blog\node_modules\egg-view-nunjucks\node_modules\nunjucks\src\environment.js:327:11)
    at D:\blog\node_modules\egg-view-nunjucks\node_modules\nunjucks\src\environment.js:339:9
    at next (D:\blog\node_modules\egg-view-nunjucks\node_modules\nunjucks\src\lib.js:328:7)
    at Object.asyncIter (D:\blog\node_modules\egg-view-nunjucks\node_modules\nunjucks\src\lib.js:334:3)
name: "Template render error"
pid: 8392
hostname: DESKTOP-R1VCF7F

2021-05-14 18:34:26,269 ERROR 8392 [-/::1/-/4ms GET /search?s=csss&_csrf=cqrmYNwz-s82giHEiWRiGZ9GbVI6W0tpOLtM] nodejs.Template render error: (D:\blog\app\view\search\index.html) [Line 42, Column 40]
  Error: Unable to call `blog["date"]["getFullYear"]`, which is undefined or falsey
  Error: Unable to call `blog["date"]["getFullYear"]`, which is undefined or falsey
    at Object._prettifyError (D:\blog\node_modules\egg-view-nunjucks\node_modules\nunjucks\src\lib.js:36:11)
    at D:\blog\node_modules\egg-view-nunjucks\node_modules\nunjucks\src\environment.js:563:19
    at Template.root [as rootRenderFunc] (eval at _compile (D:\blog\node_modules\egg-view-nunjucks\node_modules\nunjucks\src\environment.js:633:18), <anonymous>:80:3)
    at Template.render (D:\blog\node_modules\egg-view-nunjucks\node_modules\nunjucks\src\environment.js:552:10)
    at D:\blog\node_modules\egg-view-nunjucks\node_modules\nunjucks\src\environment.js:366:27
    at createTemplate (D:\blog\node_modules\egg-view-nunjucks\node_modules\nunjucks\src\environment.js:315:9)
    at handle (D:\blog\node_modules\egg-view-nunjucks\node_modules\nunjucks\src\environment.js:327:11)
    at D:\blog\node_modules\egg-view-nunjucks\node_modules\nunjucks\src\environment.js:339:9
    at next (D:\blog\node_modules\egg-view-nunjucks\node_modules\nunjucks\src\lib.js:328:7)
    at Object.asyncIter (D:\blog\node_modules\egg-view-nunjucks\node_modules\nunjucks\src\lib.js:334:3)
name: "Template render error"
pid: 8392
hostname: DESKTOP-R1VCF7F

2021-05-15 14:38:27,048 ERROR 2616 [-/127.0.0.1/-/1ms GET /blog/3] nodejs.ENOENTError: ENOENT: no such file or directory, open 'D:\blog\app\service/../public/blogs/3/config.json'
    at Object.openSync (fs.js:476:3)
    at readFileSync (fs.js:377:35)
    at BlogService.find (D:\blog\app\service\blog.js:44:7)
    at BlogController.index (D:\blog\app\controller\blog.js:8:37)
    at Object.callFn (D:\blog\node_modules\egg-core\lib\utils\index.js:44:21)
    at Object.classControllerMiddleware (D:\blog\node_modules\egg-core\lib\loader\mixin\controller.js:87:20)
    at Object.callFn (D:\blog\node_modules\@eggjs\router\lib\utils.js:12:21)
    at wrappedController (D:\blog\node_modules\@eggjs\router\lib\egg_router.js:322:18)
    at dispatch (D:\blog\node_modules\koa-compose\index.js:44:32)
    at next (D:\blog\node_modules\koa-compose\index.js:45:18)
errno: -4058
syscall: "open"
code: "ENOENT"
path: "D:\\blog\\app\\service/../public/blogs/3/config.json"
name: "ENOENTError"
pid: 2616
hostname: DESKTOP-R1VCF7F

2021-05-15 14:49:03,133 ERROR 14240 [-/127.0.0.1/-/5ms GET /blog/3] nodejs.ReferenceError: data is not defined
    at BlogController.index (D:\blog\app\controller\blog.js:16:51)
    at processTicksAndRejections (internal/process/task_queues.js:93:5)

pid: 14240
hostname: DESKTOP-R1VCF7F

2021-05-15 14:49:03,832 ERROR 14240 [-/127.0.0.1/-/1ms GET /blog/3] nodejs.ReferenceError: data is not defined
    at BlogController.index (D:\blog\app\controller\blog.js:16:51)
    at processTicksAndRejections (internal/process/task_queues.js:93:5)

pid: 14240
hostname: DESKTOP-R1VCF7F

2021-05-15 15:54:21,817 ERROR 10364 [-/::1/-/17ms GET /search?s=s+s&_csrf=HoFpgH3o-niO9mKyXqdbm381e5U60phoSgnQ] nodejs.Template render error: (D:\blog\app\view\search\index.html) [Line 42, Column 40]
  Error: Unable to call `blog["date"]["getFullYear"]`, which is undefined or falsey
  Error: Unable to call `blog["date"]["getFullYear"]`, which is undefined or falsey
    at Object._prettifyError (D:\blog\node_modules\egg-view-nunjucks\node_modules\nunjucks\src\lib.js:36:11)
    at D:\blog\node_modules\egg-view-nunjucks\node_modules\nunjucks\src\environment.js:563:19
    at Template.root [as rootRenderFunc] (eval at _compile (D:\blog\node_modules\egg-view-nunjucks\node_modules\nunjucks\src\environment.js:633:18), <anonymous>:80:3)
    at Template.render (D:\blog\node_modules\egg-view-nunjucks\node_modules\nunjucks\src\environment.js:552:10)
    at D:\blog\node_modules\egg-view-nunjucks\node_modules\nunjucks\src\environment.js:366:27
    at createTemplate (D:\blog\node_modules\egg-view-nunjucks\node_modules\nunjucks\src\environment.js:315:9)
    at handle (D:\blog\node_modules\egg-view-nunjucks\node_modules\nunjucks\src\environment.js:327:11)
    at D:\blog\node_modules\egg-view-nunjucks\node_modules\nunjucks\src\environment.js:339:9
    at next (D:\blog\node_modules\egg-view-nunjucks\node_modules\nunjucks\src\lib.js:328:7)
    at Object.asyncIter (D:\blog\node_modules\egg-view-nunjucks\node_modules\nunjucks\src\lib.js:334:3)
name: "Template render error"
pid: 10364
hostname: DESKTOP-R1VCF7F

2021-05-15 15:54:25,098 ERROR 10364 [-/::1/-/4ms GET /search?s=s+s&_csrf=HoFpgH3o-niO9mKyXqdbm381e5U60phoSgnQ] nodejs.Template render error: (D:\blog\app\view\search\index.html) [Line 42, Column 40]
  Error: Unable to call `blog["date"]["getFullYear"]`, which is undefined or falsey
  Error: Unable to call `blog["date"]["getFullYear"]`, which is undefined or falsey
    at Object._prettifyError (D:\blog\node_modules\egg-view-nunjucks\node_modules\nunjucks\src\lib.js:36:11)
    at D:\blog\node_modules\egg-view-nunjucks\node_modules\nunjucks\src\environment.js:563:19
    at Template.root [as rootRenderFunc] (eval at _compile (D:\blog\node_modules\egg-view-nunjucks\node_modules\nunjucks\src\environment.js:633:18), <anonymous>:80:3)
    at Template.render (D:\blog\node_modules\egg-view-nunjucks\node_modules\nunjucks\src\environment.js:552:10)
    at D:\blog\node_modules\egg-view-nunjucks\node_modules\nunjucks\src\environment.js:366:27
    at createTemplate (D:\blog\node_modules\egg-view-nunjucks\node_modules\nunjucks\src\environment.js:315:9)
    at handle (D:\blog\node_modules\egg-view-nunjucks\node_modules\nunjucks\src\environment.js:327:11)
    at D:\blog\node_modules\egg-view-nunjucks\node_modules\nunjucks\src\environment.js:339:9
    at next (D:\blog\node_modules\egg-view-nunjucks\node_modules\nunjucks\src\lib.js:328:7)
    at Object.asyncIter (D:\blog\node_modules\egg-view-nunjucks\node_modules\nunjucks\src\lib.js:334:3)
name: "Template render error"
pid: 10364
hostname: DESKTOP-R1VCF7F

2021-05-15 15:54:33,879 ERROR 10364 [-/::1/-/6ms GET /search?s=s+s&_csrf=U1e83V3r-Ymi6GVS1_asB7AZ2JHHloZFRfbE] nodejs.Template render error: (D:\blog\app\view\search\index.html) [Line 42, Column 40]
  Error: Unable to call `blog["date"]["getFullYear"]`, which is undefined or falsey
  Error: Unable to call `blog["date"]["getFullYear"]`, which is undefined or falsey
    at Object._prettifyError (D:\blog\node_modules\egg-view-nunjucks\node_modules\nunjucks\src\lib.js:36:11)
    at D:\blog\node_modules\egg-view-nunjucks\node_modules\nunjucks\src\environment.js:563:19
    at Template.root [as rootRenderFunc] (eval at _compile (D:\blog\node_modules\egg-view-nunjucks\node_modules\nunjucks\src\environment.js:633:18), <anonymous>:80:3)
    at Template.render (D:\blog\node_modules\egg-view-nunjucks\node_modules\nunjucks\src\environment.js:552:10)
    at D:\blog\node_modules\egg-view-nunjucks\node_modules\nunjucks\src\environment.js:366:27
    at createTemplate (D:\blog\node_modules\egg-view-nunjucks\node_modules\nunjucks\src\environment.js:315:9)
    at handle (D:\blog\node_modules\egg-view-nunjucks\node_modules\nunjucks\src\environment.js:327:11)
    at D:\blog\node_modules\egg-view-nunjucks\node_modules\nunjucks\src\environment.js:339:9
    at next (D:\blog\node_modules\egg-view-nunjucks\node_modules\nunjucks\src\lib.js:328:7)
    at Object.asyncIter (D:\blog\node_modules\egg-view-nunjucks\node_modules\nunjucks\src\lib.js:334:3)
name: "Template render error"
pid: 10364
hostname: DESKTOP-R1VCF7F

2021-05-16 18:45:25,430 ERROR 8336 [-/192.168.1.3/-/38ms GET /] nodejs.PUG:UNEXPECTED_TEXTError: D:\blog\app\view\home\index.pug:27:9
    25| 
    26|       #blogs
  > 27|         {% for blog in blogs %}
----------------^
    28|         a(href="/blog/{{ blog.id }}" class="blog")
    29|           .col
    30|             img(src="{{ blog.img }}", alt="img")

unexpected text "{% fo"
    25| 
    26|       #blogs
  > 27|         {% for blog in blogs %}
----------------^
    28|         a(href="/blog/{{ blog.id }}" class="blog")
    29|           .col
    30|             img(src="{{ blog.img }}", alt="img")

unexpected text "{% fo"
    at makeError (D:\blog\node_modules\pug-error\index.js:34:13)
    at Lexer.error (D:\blog\node_modules\pug-lexer\index.js:62:15)
    at Lexer.fail (D:\blog\node_modules\pug-lexer\index.js:1629:10)
    at Lexer.advance (D:\blog\node_modules\pug-lexer\index.js:1694:12)
    at Lexer.callLexerFunction (D:\blog\node_modules\pug-lexer\index.js:1647:23)
    at Lexer.getTokens (D:\blog\node_modules\pug-lexer\index.js:1706:12)
    at lex (D:\blog\node_modules\pug-lexer\index.js:12:42)
    at Object.lex (D:\blog\node_modules\pug\lib\index.js:104:9)
    at Function.loadString [as string] (D:\blog\node_modules\pug-load\index.js:53:24)
    at compileBody (D:\blog\node_modules\pug\lib\index.js:82:18)
code: "PUG:UNEXPECTED_TEXT"
msg: "unexpected text \"{% fo\""
line: 27
column: 9
filename: "D:\\blog\\app\\view\\home\\index.pug"
src: "doctype html\nhtml(lang=\"zh-CN\")\n  head\n    meta(charset=\"UTF-8\")\n    meta(http-equiv=\"X-UA-Compatible\" content=\"IE=edge\")\n    meta(name=\"viewport\" content=\"width=device-width, initial-scale=1.0\")\n    title Ckblt\n\n    script(src=\"https://cdn.staticfile.org/jquery/3.6.0/jquery.min.js\")\n\n    link(rel=\"stylesheet\" href=\"/static/css/base.css\")\n    link(rel=\"stylesheet\" href=\"/static/css/home.css\")\n  body\n    #nav\n\n    #main\n      .welcome\n        .img\n          img(src=\"/static/img/avatar.jpg\" alt=\"avatar\")\n        .text \n          h1 Ckblt!\n          p 10\n          a(href=\"{{ bilibili }}\") bilibili\n          a(href=\"{{ github }}\") github\n\n      #blogs\n        {% for blog in blogs %}\n        a(href=\"/blog/{{ blog.id }}\" class=\"blog\")\n          .col\n            img(src=\"{{ blog.img }}\", alt=\"img\")\n          .col\n            h1 {{ blog.title }}\n            h6 {{ blog.id }}\n          .col\n            p   {{ blog.date.getFullYear() }}/{{ blog.date.getMonth() + 1}}/{{ blog.date.getDate() }} \n          .col\n            p {{ blog.content.slice(0, 60) }} ...\n          .col.type\n            {% for type in blog.type %}\n              strong {{ type }}\n            {% endfor %}\n        {% endfor %}\n\n    #ftr   \n\n"
toJSON: undefined
name: "PUG:UNEXPECTED_TEXTError"
pid: 8336
hostname: DESKTOP-R1VCF7F

2021-05-16 18:54:45,969 ERROR 13560 [-/192.168.1.3/-/5ms GET /] nodejs.AssertionError: Can't find home/index.pug from D:\blog\app\view
    at Map.resolve (D:\blog\node_modules\egg-view\lib\view_manager.js:74:5)
    at async ContextView.[contextView#render] (D:\blog\node_modules\egg-view\lib\context_view.js:50:22)
    at async HomeController.index (D:\blog\app\controller\home.js:13:5)
    at async D:\blog\node_modules\egg-development\app\middleware\egg_loader_trace.js:9:50
    at async xframe (D:\blog\node_modules\egg-security\lib\middlewares\xframe.js:7:5)
    at async xssProtection (D:\blog\node_modules\egg-security\lib\middlewares\xssProtection.js:7:5)
    at async nosniff (D:\blog\node_modules\egg-security\lib\middlewares\nosniff.js:8:5)
    at async noopen (D:\blog\node_modules\egg-security\lib\middlewares\noopen.js:8:5)
    at async session (D:\blog\node_modules\koa-session\index.js:41:7)
    at async bodyParser (D:\blog\node_modules\koa-bodyparser\index.js:95:5)
generatedMessage: false
code: "ERR_ASSERTION"
actual: undefined
expected: true
operator: "=="
pid: 13560
hostname: DESKTOP-R1VCF7F

2021-05-16 18:54:46,744 ERROR 13560 [-/192.168.1.3/-/2ms GET /] nodejs.AssertionError: Can't find home/index.pug from D:\blog\app\view
    at Map.resolve (D:\blog\node_modules\egg-view\lib\view_manager.js:74:5)
    at async ContextView.[contextView#render] (D:\blog\node_modules\egg-view\lib\context_view.js:50:22)
    at async HomeController.index (D:\blog\app\controller\home.js:13:5)
    at async D:\blog\node_modules\egg-development\app\middleware\egg_loader_trace.js:9:50
    at async xframe (D:\blog\node_modules\egg-security\lib\middlewares\xframe.js:7:5)
    at async xssProtection (D:\blog\node_modules\egg-security\lib\middlewares\xssProtection.js:7:5)
    at async nosniff (D:\blog\node_modules\egg-security\lib\middlewares\nosniff.js:8:5)
    at async noopen (D:\blog\node_modules\egg-security\lib\middlewares\noopen.js:8:5)
    at async session (D:\blog\node_modules\koa-session\index.js:41:7)
    at async bodyParser (D:\blog\node_modules\koa-bodyparser\index.js:95:5)
generatedMessage: false
code: "ERR_ASSERTION"
actual: undefined
expected: true
operator: "=="
pid: 13560
hostname: DESKTOP-R1VCF7F

2021-05-16 18:54:50,647 ERROR 13560 [-/192.168.1.3/-/1ms GET /] nodejs.AssertionError: Can't find home/index.pug from D:\blog\app\view
    at Map.resolve (D:\blog\node_modules\egg-view\lib\view_manager.js:74:5)
    at async ContextView.[contextView#render] (D:\blog\node_modules\egg-view\lib\context_view.js:50:22)
    at async HomeController.index (D:\blog\app\controller\home.js:13:5)
    at async D:\blog\node_modules\egg-development\app\middleware\egg_loader_trace.js:9:50
    at async xframe (D:\blog\node_modules\egg-security\lib\middlewares\xframe.js:7:5)
    at async xssProtection (D:\blog\node_modules\egg-security\lib\middlewares\xssProtection.js:7:5)
    at async nosniff (D:\blog\node_modules\egg-security\lib\middlewares\nosniff.js:8:5)
    at async noopen (D:\blog\node_modules\egg-security\lib\middlewares\noopen.js:8:5)
    at async session (D:\blog\node_modules\koa-session\index.js:41:7)
    at async bodyParser (D:\blog\node_modules\koa-bodyparser\index.js:95:5)
generatedMessage: false
code: "ERR_ASSERTION"
actual: undefined
expected: true
operator: "=="
pid: 13560
hostname: DESKTOP-R1VCF7F

2021-05-23 18:43:42,332 ERROR 4612 [-/192.168.1.3/-/2ms GET /static/css/notFound.css] nodejs.ENOENTError: ENOENT: no such file or directory, stat 'D:\blog\app\public\css\notFound.css'
ENOENTError: ENOENT: no such file or directory, stat 'D:\blog\app\public\css\notFound.css'
errno: -4058
code: "ENOENT"
syscall: "stat"
path: "D:\\blog\\app\\public\\css\\notFound.css"
name: "ENOENTError"
pid: 4612
hostname: DESKTOP-R1VCF7F

2021-05-23 18:43:44,544 ERROR 4612 [-/192.168.1.3/-/0ms GET /static/css/notFound.css] nodejs.ENOENTError: ENOENT: no such file or directory, stat 'D:\blog\app\public\css\notFound.css'
ENOENTError: ENOENT: no such file or directory, stat 'D:\blog\app\public\css\notFound.css'
errno: -4058
code: "ENOENT"
syscall: "stat"
path: "D:\\blog\\app\\public\\css\\notFound.css"
name: "ENOENTError"
pid: 4612
hostname: DESKTOP-R1VCF7F

2021-05-23 18:43:45,586 ERROR 4612 [-/192.168.1.3/-/1ms GET /static/css/notFound.css] nodejs.ENOENTError: ENOENT: no such file or directory, stat 'D:\blog\app\public\css\notFound.css'
ENOENTError: ENOENT: no such file or directory, stat 'D:\blog\app\public\css\notFound.css'
errno: -4058
code: "ENOENT"
syscall: "stat"
path: "D:\\blog\\app\\public\\css\\notFound.css"
name: "ENOENTError"
pid: 4612
hostname: DESKTOP-R1VCF7F

2021-05-23 18:43:52,057 ERROR 4612 [-/192.168.1.3/-/0ms GET /static/css/notFound.css] nodejs.ENOENTError: ENOENT: no such file or directory, stat 'D:\blog\app\public\css\notFound.css'
ENOENTError: ENOENT: no such file or directory, stat 'D:\blog\app\public\css\notFound.css'
errno: -4058
code: "ENOENT"
syscall: "stat"
path: "D:\\blog\\app\\public\\css\\notFound.css"
name: "ENOENTError"
pid: 4612
hostname: DESKTOP-R1VCF7F

